{"/home/ousmane/www/dgs-backend/src/app.js": {"path":"/home/ousmane/www/dgs-backend/src/app.js","statementMap":{"0":{"start":{"line":3,"column":23},"end":{"line":3,"column":41}},"1":{"start":{"line":4,"column":23},"end":{"line":4,"column":40}},"2":{"start":{"line":5,"column":23},"end":{"line":5,"column":38}},"3":{"start":{"line":6,"column":23},"end":{"line":6,"column":47}},"4":{"start":{"line":7,"column":23},"end":{"line":7,"column":52}},"5":{"start":{"line":9,"column":23},"end":{"line":9,"column":42}},"6":{"start":{"line":10,"column":36},"end":{"line":10,"column":70}},"7":{"start":{"line":11,"column":23},"end":{"line":11,"column":61}},"8":{"start":{"line":12,"column":23},"end":{"line":12,"column":60}},"9":{"start":{"line":13,"column":23},"end":{"line":13,"column":52}},"10":{"start":{"line":14,"column":23},"end":{"line":14,"column":53}},"11":{"start":{"line":16,"column":24},"end":{"line":16,"column":54}},"12":{"start":{"line":17,"column":24},"end":{"line":17,"column":54}},"13":{"start":{"line":18,"column":24},"end":{"line":18,"column":56}},"14":{"start":{"line":19,"column":24},"end":{"line":19,"column":54}},"15":{"start":{"line":20,"column":24},"end":{"line":20,"column":57}},"16":{"start":{"line":21,"column":24},"end":{"line":21,"column":59}},"17":{"start":{"line":22,"column":24},"end":{"line":22,"column":55}},"18":{"start":{"line":23,"column":24},"end":{"line":23,"column":56}},"19":{"start":{"line":24,"column":24},"end":{"line":24,"column":64}},"20":{"start":{"line":26,"column":12},"end":{"line":26,"column":21}},"21":{"start":{"line":29,"column":0},"end":{"line":29,"column":18}},"22":{"start":{"line":30,"column":0},"end":{"line":30,"column":65}},"23":{"start":{"line":31,"column":0},"end":{"line":31,"column":26}},"24":{"start":{"line":34,"column":0},"end":{"line":34,"column":40}},"25":{"start":{"line":35,"column":0},"end":{"line":35,"column":48}},"26":{"start":{"line":38,"column":0},"end":{"line":38,"column":23}},"27":{"start":{"line":41,"column":0},"end":{"line":41,"column":32}},"28":{"start":{"line":44,"column":20},"end":{"line":134,"column":2}},"29":{"start":{"line":137,"column":0},"end":{"line":141,"column":1}},"30":{"start":{"line":138,"column":2},"end":{"line":138,"column":92}},"31":{"start":{"line":140,"column":2},"end":{"line":140,"column":70}},"32":{"start":{"line":143,"column":0},"end":{"line":143,"column":63}},"33":{"start":{"line":143,"column":40},"end":{"line":143,"column":61}},"34":{"start":{"line":146,"column":0},"end":{"line":146,"column":34}},"35":{"start":{"line":147,"column":0},"end":{"line":147,"column":33}},"36":{"start":{"line":150,"column":0},"end":{"line":150,"column":35}},"37":{"start":{"line":151,"column":0},"end":{"line":151,"column":35}},"38":{"start":{"line":152,"column":0},"end":{"line":152,"column":37}},"39":{"start":{"line":153,"column":0},"end":{"line":153,"column":35}},"40":{"start":{"line":154,"column":0},"end":{"line":154,"column":38}},"41":{"start":{"line":155,"column":0},"end":{"line":155,"column":40}},"42":{"start":{"line":156,"column":0},"end":{"line":156,"column":36}},"43":{"start":{"line":157,"column":0},"end":{"line":157,"column":38}},"44":{"start":{"line":160,"column":26},"end":{"line":160,"column":51}},"45":{"start":{"line":161,"column":0},"end":{"line":161,"column":128}},"46":{"start":{"line":161,"column":28},"end":{"line":161,"column":126}},"47":{"start":{"line":164,"column":0},"end":{"line":164,"column":22}},"48":{"start":{"line":166,"column":0},"end":{"line":166,"column":21}}},"fnMap":{"0":{"name":"(anonymous_0)","decl":{"start":{"line":143,"column":26},"end":{"line":143,"column":27}},"loc":{"start":{"line":143,"column":40},"end":{"line":143,"column":61}},"line":143},"1":{"name":"(anonymous_1)","decl":{"start":{"line":161,"column":8},"end":{"line":161,"column":9}},"loc":{"start":{"line":161,"column":28},"end":{"line":161,"column":126}},"line":161}},"branchMap":{"0":{"loc":{"start":{"line":137,"column":0},"end":{"line":141,"column":1}},"type":"if","locations":[{"start":{"line":137,"column":0},"end":{"line":141,"column":1}},{"start":{"line":139,"column":7},"end":{"line":141,"column":1}}],"line":137}},"s":{"0":8,"1":8,"2":8,"3":8,"4":8,"5":8,"6":8,"7":8,"8":8,"9":8,"10":8,"11":8,"12":8,"13":8,"14":8,"15":8,"16":8,"17":8,"18":8,"19":8,"20":8,"21":8,"22":8,"23":8,"24":8,"25":8,"26":8,"27":8,"28":8,"29":8,"30":0,"31":8,"32":8,"33":0,"34":8,"35":8,"36":8,"37":8,"38":8,"39":8,"40":8,"41":8,"42":8,"43":8,"44":8,"45":8,"46":1,"47":8,"48":8},"f":{"0":0,"1":1},"b":{"0":[0,8]},"_coverageSchema":"1a1c01bbd47fc00a2c39e90264f33305004495a9","hash":"7ed68b1353e88e336f244f1e2bc35c0d1ad683d7"}
,"/home/ousmane/www/dgs-backend/src/config/index.js": {"path":"/home/ousmane/www/dgs-backend/src/config/index.js","statementMap":{"0":{"start":{"line":3,"column":0},"end":{"line":3,"column":27}},"1":{"start":{"line":5,"column":17},"end":{"line":5,"column":47}},"2":{"start":{"line":8,"column":17},"end":{"line":8,"column":48}},"3":{"start":{"line":10,"column":18},"end":{"line":10,"column":55}},"4":{"start":{"line":10,"column":39},"end":{"line":10,"column":54}},"5":{"start":{"line":11,"column":2},"end":{"line":16,"column":3}},"6":{"start":{"line":12,"column":16},"end":{"line":12,"column":87}},"7":{"start":{"line":13,"column":4},"end":{"line":13,"column":46}},"8":{"start":{"line":13,"column":18},"end":{"line":13,"column":36}},"9":{"start":{"line":13,"column":37},"end":{"line":13,"column":44}},"10":{"start":{"line":14,"column":4},"end":{"line":14,"column":23}},"11":{"start":{"line":15,"column":4},"end":{"line":15,"column":20}},"12":{"start":{"line":17,"column":2},"end":{"line":22,"column":3}},"13":{"start":{"line":18,"column":16},"end":{"line":18,"column":73}},"14":{"start":{"line":19,"column":4},"end":{"line":19,"column":46}},"15":{"start":{"line":19,"column":18},"end":{"line":19,"column":36}},"16":{"start":{"line":19,"column":37},"end":{"line":19,"column":44}},"17":{"start":{"line":20,"column":4},"end":{"line":20,"column":23}},"18":{"start":{"line":21,"column":4},"end":{"line":21,"column":20}},"19":{"start":{"line":25,"column":0},"end":{"line":25,"column":11}},"20":{"start":{"line":27,"column":15},"end":{"line":71,"column":1}},"21":{"start":{"line":73,"column":0},"end":{"line":73,"column":24}}},"fnMap":{"0":{"name":"validate","decl":{"start":{"line":7,"column":9},"end":{"line":7,"column":17}},"loc":{"start":{"line":7,"column":20},"end":{"line":23,"column":1}},"line":7},"1":{"name":"(anonymous_1)","decl":{"start":{"line":10,"column":34},"end":{"line":10,"column":35}},"loc":{"start":{"line":10,"column":39},"end":{"line":10,"column":54}},"line":10}},"branchMap":{"0":{"loc":{"start":{"line":11,"column":2},"end":{"line":16,"column":3}},"type":"if","locations":[{"start":{"line":11,"column":2},"end":{"line":16,"column":3}},{"start":{},"end":{}}],"line":11},"1":{"loc":{"start":{"line":13,"column":4},"end":{"line":13,"column":46}},"type":"if","locations":[{"start":{"line":13,"column":4},"end":{"line":13,"column":46}},{"start":{},"end":{}}],"line":13},"2":{"loc":{"start":{"line":17,"column":2},"end":{"line":22,"column":3}},"type":"if","locations":[{"start":{"line":17,"column":2},"end":{"line":22,"column":3}},{"start":{},"end":{}}],"line":17},"3":{"loc":{"start":{"line":17,"column":7},"end":{"line":17,"column":35}},"type":"binary-expr","locations":[{"start":{"line":17,"column":7},"end":{"line":17,"column":29}},{"start":{"line":17,"column":33},"end":{"line":17,"column":35}}],"line":17},"4":{"loc":{"start":{"line":19,"column":4},"end":{"line":19,"column":46}},"type":"if","locations":[{"start":{"line":19,"column":4},"end":{"line":19,"column":46}},{"start":{},"end":{}}],"line":19},"5":{"loc":{"start":{"line":28,"column":10},"end":{"line":28,"column":47}},"type":"binary-expr","locations":[{"start":{"line":28,"column":10},"end":{"line":28,"column":30}},{"start":{"line":28,"column":34},"end":{"line":28,"column":47}}],"line":28},"6":{"loc":{"start":{"line":29,"column":10},"end":{"line":29,"column":42}},"type":"binary-expr","locations":[{"start":{"line":29,"column":10},"end":{"line":29,"column":34}},{"start":{"line":29,"column":38},"end":{"line":29,"column":42}}],"line":29},"7":{"loc":{"start":{"line":38,"column":23},"end":{"line":38,"column":65}},"type":"binary-expr","locations":[{"start":{"line":38,"column":23},"end":{"line":38,"column":49}},{"start":{"line":38,"column":61},"end":{"line":38,"column":65}}],"line":38},"8":{"loc":{"start":{"line":39,"column":23},"end":{"line":39,"column":66}},"type":"binary-expr","locations":[{"start":{"line":39,"column":23},"end":{"line":39,"column":57}},{"start":{"line":39,"column":61},"end":{"line":39,"column":66}}],"line":39},"9":{"loc":{"start":{"line":43,"column":12},"end":{"line":43,"column":62}},"type":"binary-expr","locations":[{"start":{"line":43,"column":12},"end":{"line":43,"column":35}},{"start":{"line":43,"column":39},"end":{"line":43,"column":62}}],"line":43},"10":{"loc":{"start":{"line":47,"column":13},"end":{"line":47,"column":46}},"type":"binary-expr","locations":[{"start":{"line":47,"column":13},"end":{"line":47,"column":36}},{"start":{"line":47,"column":44},"end":{"line":47,"column":46}}],"line":47},"11":{"loc":{"start":{"line":48,"column":13},"end":{"line":48,"column":48}},"type":"binary-expr","locations":[{"start":{"line":48,"column":13},"end":{"line":48,"column":40}},{"start":{"line":48,"column":44},"end":{"line":48,"column":48}}],"line":48},"12":{"loc":{"start":{"line":49,"column":13},"end":{"line":49,"column":48}},"type":"binary-expr","locations":[{"start":{"line":49,"column":13},"end":{"line":49,"column":37}},{"start":{"line":49,"column":44},"end":{"line":49,"column":48}}],"line":49},"13":{"loc":{"start":{"line":53,"column":16},"end":{"line":53,"column":62}},"type":"binary-expr","locations":[{"start":{"line":53,"column":16},"end":{"line":53,"column":53}},{"start":{"line":53,"column":59},"end":{"line":53,"column":62}}],"line":53},"14":{"loc":{"start":{"line":54,"column":16},"end":{"line":54,"column":62}},"type":"binary-expr","locations":[{"start":{"line":54,"column":16},"end":{"line":54,"column":52}},{"start":{"line":54,"column":59},"end":{"line":54,"column":62}}],"line":54},"15":{"loc":{"start":{"line":55,"column":16},"end":{"line":55,"column":60}},"type":"binary-expr","locations":[{"start":{"line":55,"column":16},"end":{"line":55,"column":55}},{"start":{"line":55,"column":59},"end":{"line":55,"column":60}}],"line":55},"16":{"loc":{"start":{"line":56,"column":16},"end":{"line":56,"column":66}},"type":"binary-expr","locations":[{"start":{"line":56,"column":16},"end":{"line":56,"column":54}},{"start":{"line":56,"column":59},"end":{"line":56,"column":66}}],"line":56},"17":{"loc":{"start":{"line":57,"column":16},"end":{"line":57,"column":58}},"type":"binary-expr","locations":[{"start":{"line":57,"column":16},"end":{"line":57,"column":45}},{"start":{"line":57,"column":49},"end":{"line":57,"column":58}}],"line":57},"18":{"loc":{"start":{"line":61,"column":15},"end":{"line":61,"column":74}},"type":"binary-expr","locations":[{"start":{"line":61,"column":15},"end":{"line":61,"column":55}},{"start":{"line":61,"column":60},"end":{"line":61,"column":74}}],"line":61},"19":{"loc":{"start":{"line":62,"column":15},"end":{"line":62,"column":62}},"type":"binary-expr","locations":[{"start":{"line":62,"column":15},"end":{"line":62,"column":54}},{"start":{"line":62,"column":60},"end":{"line":62,"column":62}}],"line":62},"20":{"loc":{"start":{"line":63,"column":15},"end":{"line":63,"column":63}},"type":"binary-expr","locations":[{"start":{"line":63,"column":15},"end":{"line":63,"column":53}},{"start":{"line":63,"column":60},"end":{"line":63,"column":63}}],"line":63},"21":{"loc":{"start":{"line":64,"column":15},"end":{"line":64,"column":61}},"type":"binary-expr","locations":[{"start":{"line":64,"column":15},"end":{"line":64,"column":55}},{"start":{"line":64,"column":60},"end":{"line":64,"column":61}}],"line":64},"22":{"loc":{"start":{"line":68,"column":11},"end":{"line":68,"column":42}},"type":"binary-expr","locations":[{"start":{"line":68,"column":11},"end":{"line":68,"column":32}},{"start":{"line":68,"column":36},"end":{"line":68,"column":42}}],"line":68},"23":{"loc":{"start":{"line":69,"column":11},"end":{"line":69,"column":42}},"type":"binary-expr","locations":[{"start":{"line":69,"column":11},"end":{"line":69,"column":30}},{"start":{"line":69,"column":36},"end":{"line":69,"column":42}}],"line":69}},"s":{"0":9,"1":9,"2":9,"3":9,"4":18,"5":9,"6":0,"7":0,"8":0,"9":0,"10":0,"11":0,"12":9,"13":0,"14":0,"15":0,"16":0,"17":0,"18":0,"19":9,"20":9,"21":9},"f":{"0":9,"1":18},"b":{"0":[0,9],"1":[0,0],"2":[0,9],"3":[9,0],"4":[0,0],"5":[9,0],"6":[9,0],"7":[9,9],"8":[9,9],"9":[9,9],"10":[9,9],"11":[9,0],"12":[9,0],"13":[9,9],"14":[9,9],"15":[9,9],"16":[9,9],"17":[9,9],"18":[9,9],"19":[9,9],"20":[9,9],"21":[9,9],"22":[9,0],"23":[9,9]},"_coverageSchema":"1a1c01bbd47fc00a2c39e90264f33305004495a9","hash":"32b81569e82490cacc92e912ca110cac3fe984e8"}
,"/home/ousmane/www/dgs-backend/src/configuration/prismaClient.js": {"path":"/home/ousmane/www/dgs-backend/src/configuration/prismaClient.js","statementMap":{"0":{"start":{"line":1,"column":25},"end":{"line":1,"column":50}},"1":{"start":{"line":3,"column":15},"end":{"line":3,"column":33}},"2":{"start":{"line":5,"column":0},"end":{"line":5,"column":24}}},"fnMap":{},"branchMap":{},"s":{"0":9,"1":9,"2":9},"f":{},"b":{},"_coverageSchema":"1a1c01bbd47fc00a2c39e90264f33305004495a9","hash":"830f43686b86d7da47af7560b9d467e360517b11"}
,"/home/ousmane/www/dgs-backend/src/controleurs/adminControleur.js": {"path":"/home/ousmane/www/dgs-backend/src/controleurs/adminControleur.js","statementMap":{"0":{"start":{"line":3,"column":16},"end":{"line":3,"column":56}},"1":{"start":{"line":4,"column":16},"end":{"line":4,"column":42}},"2":{"start":{"line":5,"column":25},"end":{"line":5,"column":53}},"3":{"start":{"line":6,"column":16},"end":{"line":6,"column":36}},"4":{"start":{"line":7,"column":16},"end":{"line":7,"column":29}},"5":{"start":{"line":8,"column":16},"end":{"line":8,"column":31}},"6":{"start":{"line":11,"column":20},"end":{"line":32,"column":1}},"7":{"start":{"line":12,"column":17},"end":{"line":12,"column":21}},"8":{"start":{"line":14,"column":2},"end":{"line":18,"column":3}},"9":{"start":{"line":15,"column":4},"end":{"line":15,"column":37}},"10":{"start":{"line":17,"column":4},"end":{"line":17,"column":23}},"11":{"start":{"line":20,"column":15},"end":{"line":29,"column":3}},"12":{"start":{"line":31,"column":2},"end":{"line":31,"column":55}},"13":{"start":{"line":35,"column":17},"end":{"line":75,"column":1}},"14":{"start":{"line":36,"column":2},"end":{"line":74,"column":30}},"15":{"start":{"line":44,"column":8},"end":{"line":51,"column":6}},"16":{"start":{"line":54,"column":21},"end":{"line":54,"column":25}},"17":{"start":{"line":55,"column":4},"end":{"line":60,"column":42}},"18":{"start":{"line":56,"column":21},"end":{"line":56,"column":78}},"19":{"start":{"line":57,"column":22},"end":{"line":57,"column":89}},"20":{"start":{"line":58,"column":19},"end":{"line":58,"column":39}},"21":{"start":{"line":59,"column":6},"end":{"line":59,"column":69}},"22":{"start":{"line":62,"column":4},"end":{"line":73,"column":7}},"23":{"start":{"line":74,"column":18},"end":{"line":74,"column":28}},"24":{"start":{"line":78,"column":21},"end":{"line":83,"column":1}},"25":{"start":{"line":79,"column":2},"end":{"line":82,"column":30}},"26":{"start":{"line":80,"column":19},"end":{"line":80,"column":39}},"27":{"start":{"line":81,"column":4},"end":{"line":81,"column":50}},"28":{"start":{"line":82,"column":18},"end":{"line":82,"column":28}},"29":{"start":{"line":85,"column":0},"end":{"line":85,"column":57}}},"fnMap":{"0":{"name":"(anonymous_0)","decl":{"start":{"line":11,"column":20},"end":{"line":11,"column":21}},"loc":{"start":{"line":11,"column":40},"end":{"line":32,"column":1}},"line":11},"1":{"name":"(anonymous_1)","decl":{"start":{"line":35,"column":17},"end":{"line":35,"column":18}},"loc":{"start":{"line":35,"column":43},"end":{"line":75,"column":1}},"line":35},"2":{"name":"(anonymous_2)","decl":{"start":{"line":78,"column":21},"end":{"line":78,"column":22}},"loc":{"start":{"line":78,"column":47},"end":{"line":83,"column":1}},"line":78}},"branchMap":{"0":{"loc":{"start":{"line":21,"column":21},"end":{"line":21,"column":58}},"type":"cond-expr","locations":[{"start":{"line":21,"column":41},"end":{"line":21,"column":45}},{"start":{"line":21,"column":48},"end":{"line":21,"column":58}}],"line":21},"1":{"loc":{"start":{"line":31,"column":13},"end":{"line":31,"column":42}},"type":"cond-expr","locations":[{"start":{"line":31,"column":33},"end":{"line":31,"column":36}},{"start":{"line":31,"column":39},"end":{"line":31,"column":42}}],"line":31},"2":{"loc":{"start":{"line":57,"column":22},"end":{"line":57,"column":89}},"type":"cond-expr","locations":[{"start":{"line":57,"column":48},"end":{"line":57,"column":54}},{"start":{"line":57,"column":57},"end":{"line":57,"column":89}}],"line":57}},"s":{"0":8,"1":8,"2":8,"3":8,"4":8,"5":8,"6":8,"7":2,"8":2,"9":2,"10":0,"11":2,"12":2,"13":8,"14":1,"15":1,"16":1,"17":1,"18":1,"19":1,"20":1,"21":0,"22":1,"23":0,"24":8,"25":1,"26":1,"27":1,"28":0,"29":8},"f":{"0":2,"1":1,"2":1},"b":{"0":[2,0],"1":[2,0],"2":[0,1]},"_coverageSchema":"1a1c01bbd47fc00a2c39e90264f33305004495a9","hash":"7944b8cac545d487a47db0f9f3e67942a4e47f60"}
,"/home/ousmane/www/dgs-backend/src/controleurs/authControleur.js": {"path":"/home/ousmane/www/dgs-backend/src/controleurs/authControleur.js","statementMap":{"0":{"start":{"line":3,"column":16},"end":{"line":3,"column":56}},"1":{"start":{"line":4,"column":16},"end":{"line":4,"column":35}},"2":{"start":{"line":5,"column":16},"end":{"line":5,"column":39}},"3":{"start":{"line":6,"column":16},"end":{"line":6,"column":36}},"4":{"start":{"line":7,"column":16},"end":{"line":7,"column":42}},"5":{"start":{"line":8,"column":45},"end":{"line":8,"column":71}},"6":{"start":{"line":30,"column":20},"end":{"line":48,"column":1}},"7":{"start":{"line":31,"column":2},"end":{"line":47,"column":30}},"8":{"start":{"line":32,"column":38},"end":{"line":32,"column":46}},"9":{"start":{"line":34,"column":21},"end":{"line":34,"column":71}},"10":{"start":{"line":35,"column":4},"end":{"line":35,"column":104}},"11":{"start":{"line":35,"column":18},"end":{"line":35,"column":104}},"12":{"start":{"line":37,"column":27},"end":{"line":37,"column":58}},"13":{"start":{"line":39,"column":17},"end":{"line":42,"column":6}},"14":{"start":{"line":44,"column":4},"end":{"line":44,"column":83}},"15":{"start":{"line":46,"column":4},"end":{"line":46,"column":60}},"16":{"start":{"line":47,"column":18},"end":{"line":47,"column":28}},"17":{"start":{"line":68,"column":18},"end":{"line":94,"column":1}},"18":{"start":{"line":69,"column":2},"end":{"line":93,"column":30}},"19":{"start":{"line":70,"column":32},"end":{"line":70,"column":40}},"20":{"start":{"line":72,"column":17},"end":{"line":72,"column":67}},"21":{"start":{"line":73,"column":4},"end":{"line":73,"column":109}},"22":{"start":{"line":73,"column":15},"end":{"line":73,"column":109}},"23":{"start":{"line":75,"column":18},"end":{"line":75,"column":63}},"24":{"start":{"line":76,"column":4},"end":{"line":76,"column":111}},"25":{"start":{"line":76,"column":17},"end":{"line":76,"column":111}},"26":{"start":{"line":78,"column":18},"end":{"line":82,"column":5}},"27":{"start":{"line":84,"column":4},"end":{"line":84,"column":58}},"28":{"start":{"line":86,"column":4},"end":{"line":92,"column":7}},"29":{"start":{"line":93,"column":18},"end":{"line":93,"column":28}},"30":{"start":{"line":96,"column":0},"end":{"line":96,"column":44}}},"fnMap":{"0":{"name":"(anonymous_0)","decl":{"start":{"line":30,"column":20},"end":{"line":30,"column":21}},"loc":{"start":{"line":30,"column":46},"end":{"line":48,"column":1}},"line":30},"1":{"name":"(anonymous_1)","decl":{"start":{"line":68,"column":18},"end":{"line":68,"column":19}},"loc":{"start":{"line":68,"column":44},"end":{"line":94,"column":1}},"line":68}},"branchMap":{"0":{"loc":{"start":{"line":35,"column":4},"end":{"line":35,"column":104}},"type":"if","locations":[{"start":{"line":35,"column":4},"end":{"line":35,"column":104}},{"start":{},"end":{}}],"line":35},"1":{"loc":{"start":{"line":73,"column":4},"end":{"line":73,"column":109}},"type":"if","locations":[{"start":{"line":73,"column":4},"end":{"line":73,"column":109}},{"start":{},"end":{}}],"line":73},"2":{"loc":{"start":{"line":76,"column":4},"end":{"line":76,"column":111}},"type":"if","locations":[{"start":{"line":76,"column":4},"end":{"line":76,"column":111}},{"start":{},"end":{}}],"line":76}},"s":{"0":8,"1":8,"2":8,"3":8,"4":8,"5":8,"6":8,"7":6,"8":6,"9":6,"10":6,"11":1,"12":5,"13":5,"14":5,"15":5,"16":0,"17":8,"18":3,"19":3,"20":3,"21":3,"22":1,"23":2,"24":2,"25":1,"26":1,"27":1,"28":1,"29":0,"30":8},"f":{"0":6,"1":3},"b":{"0":[1,5],"1":[1,2],"2":[1,1]},"_coverageSchema":"1a1c01bbd47fc00a2c39e90264f33305004495a9","hash":"eafe3cf4e0c49955cf0d929ddca86b5939861cfa"}
,"/home/ousmane/www/dgs-backend/src/controleurs/contenuControleur.js": {"path":"/home/ousmane/www/dgs-backend/src/controleurs/contenuControleur.js","statementMap":{"0":{"start":{"line":3,"column":15},"end":{"line":3,"column":55}},"1":{"start":{"line":4,"column":59},"end":{"line":4,"column":85}},"2":{"start":{"line":5,"column":89},"end":{"line":5,"column":119}},"3":{"start":{"line":8,"column":20},"end":{"line":12,"column":1}},"4":{"start":{"line":15,"column":2},"end":{"line":15,"column":81}},"5":{"start":{"line":19,"column":21},"end":{"line":41,"column":1}},"6":{"start":{"line":20,"column":2},"end":{"line":40,"column":30}},"7":{"start":{"line":21,"column":19},"end":{"line":21,"column":44}},"8":{"start":{"line":22,"column":4},"end":{"line":22,"column":105}},"9":{"start":{"line":22,"column":35},"end":{"line":22,"column":105}},"10":{"start":{"line":24,"column":19},"end":{"line":24,"column":51}},"11":{"start":{"line":25,"column":28},"end":{"line":25,"column":51}},"12":{"start":{"line":27,"column":27},"end":{"line":34,"column":6}},"13":{"start":{"line":36,"column":17},"end":{"line":36,"column":51}},"14":{"start":{"line":37,"column":4},"end":{"line":37,"column":45}},"15":{"start":{"line":39,"column":4},"end":{"line":39,"column":67}},"16":{"start":{"line":40,"column":18},"end":{"line":40,"column":28}},"17":{"start":{"line":44,"column":22},"end":{"line":65,"column":1}},"18":{"start":{"line":45,"column":2},"end":{"line":64,"column":30}},"19":{"start":{"line":46,"column":19},"end":{"line":46,"column":44}},"20":{"start":{"line":47,"column":4},"end":{"line":47,"column":105}},"21":{"start":{"line":47,"column":35},"end":{"line":47,"column":105}},"22":{"start":{"line":49,"column":83},"end":{"line":49,"column":91}},"23":{"start":{"line":51,"column":17},"end":{"line":61,"column":6}},"24":{"start":{"line":63,"column":4},"end":{"line":63,"column":60}},"25":{"start":{"line":64,"column":18},"end":{"line":64,"column":28}},"26":{"start":{"line":68,"column":22},"end":{"line":100,"column":1}},"27":{"start":{"line":69,"column":2},"end":{"line":99,"column":30}},"28":{"start":{"line":70,"column":19},"end":{"line":70,"column":44}},"29":{"start":{"line":71,"column":19},"end":{"line":71,"column":40}},"30":{"start":{"line":73,"column":21},"end":{"line":73,"column":80}},"31":{"start":{"line":74,"column":4},"end":{"line":75,"column":94}},"32":{"start":{"line":75,"column":6},"end":{"line":75,"column":94}},"33":{"start":{"line":77,"column":32},"end":{"line":77,"column":40}},"34":{"start":{"line":80,"column":4},"end":{"line":89,"column":5}},"35":{"start":{"line":81,"column":22},"end":{"line":81,"column":56}},"36":{"start":{"line":82,"column":6},"end":{"line":88,"column":7}},"37":{"start":{"line":83,"column":8},"end":{"line":87,"column":11}},"38":{"start":{"line":91,"column":17},"end":{"line":91,"column":28}},"39":{"start":{"line":92,"column":4},"end":{"line":92,"column":37}},"40":{"start":{"line":92,"column":16},"end":{"line":92,"column":37}},"41":{"start":{"line":93,"column":4},"end":{"line":95,"column":5}},"42":{"start":{"line":94,"column":6},"end":{"line":94,"column":93}},"43":{"start":{"line":97,"column":20},"end":{"line":97,"column":81}},"44":{"start":{"line":98,"column":4},"end":{"line":98,"column":51}},"45":{"start":{"line":99,"column":18},"end":{"line":99,"column":28}},"46":{"start":{"line":103,"column":22},"end":{"line":119,"column":1}},"47":{"start":{"line":104,"column":2},"end":{"line":118,"column":30}},"48":{"start":{"line":105,"column":19},"end":{"line":105,"column":44}},"49":{"start":{"line":106,"column":19},"end":{"line":106,"column":40}},"50":{"start":{"line":108,"column":21},"end":{"line":108,"column":80}},"51":{"start":{"line":109,"column":4},"end":{"line":110,"column":94}},"52":{"start":{"line":110,"column":6},"end":{"line":110,"column":94}},"53":{"start":{"line":112,"column":4},"end":{"line":114,"column":5}},"54":{"start":{"line":113,"column":6},"end":{"line":113,"column":111}},"55":{"start":{"line":116,"column":4},"end":{"line":116,"column":60}},"56":{"start":{"line":117,"column":4},"end":{"line":117,"column":66}},"57":{"start":{"line":118,"column":18},"end":{"line":118,"column":28}},"58":{"start":{"line":122,"column":22},"end":{"line":141,"column":1}},"59":{"start":{"line":123,"column":2},"end":{"line":140,"column":30}},"60":{"start":{"line":124,"column":19},"end":{"line":124,"column":44}},"61":{"start":{"line":125,"column":4},"end":{"line":125,"column":105}},"62":{"start":{"line":125,"column":35},"end":{"line":125,"column":105}},"63":{"start":{"line":127,"column":21},"end":{"line":130,"column":6}},"64":{"start":{"line":132,"column":20},"end":{"line":132,"column":22}},"65":{"start":{"line":133,"column":4},"end":{"line":137,"column":5}},"66":{"start":{"line":134,"column":18},"end":{"line":134,"column":62}},"67":{"start":{"line":135,"column":6},"end":{"line":135,"column":43}},"68":{"start":{"line":135,"column":25},"end":{"line":135,"column":43}},"69":{"start":{"line":136,"column":6},"end":{"line":136,"column":27}},"70":{"start":{"line":139,"column":4},"end":{"line":139,"column":51}},"71":{"start":{"line":140,"column":18},"end":{"line":140,"column":28}},"72":{"start":{"line":143,"column":0},"end":{"line":143,"column":94}}},"fnMap":{"0":{"name":"siteExists","decl":{"start":{"line":14,"column":15},"end":{"line":14,"column":25}},"loc":{"start":{"line":14,"column":34},"end":{"line":16,"column":1}},"line":14},"1":{"name":"(anonymous_1)","decl":{"start":{"line":19,"column":21},"end":{"line":19,"column":22}},"loc":{"start":{"line":19,"column":47},"end":{"line":41,"column":1}},"line":19},"2":{"name":"(anonymous_2)","decl":{"start":{"line":44,"column":22},"end":{"line":44,"column":23}},"loc":{"start":{"line":44,"column":48},"end":{"line":65,"column":1}},"line":44},"3":{"name":"(anonymous_3)","decl":{"start":{"line":68,"column":22},"end":{"line":68,"column":23}},"loc":{"start":{"line":68,"column":48},"end":{"line":100,"column":1}},"line":68},"4":{"name":"(anonymous_4)","decl":{"start":{"line":103,"column":22},"end":{"line":103,"column":23}},"loc":{"start":{"line":103,"column":48},"end":{"line":119,"column":1}},"line":103},"5":{"name":"(anonymous_5)","decl":{"start":{"line":122,"column":22},"end":{"line":122,"column":23}},"loc":{"start":{"line":122,"column":48},"end":{"line":141,"column":1}},"line":122}},"branchMap":{"0":{"loc":{"start":{"line":22,"column":4},"end":{"line":22,"column":105}},"type":"if","locations":[{"start":{"line":22,"column":4},"end":{"line":22,"column":105}},{"start":{},"end":{}}],"line":22},"1":{"loc":{"start":{"line":47,"column":4},"end":{"line":47,"column":105}},"type":"if","locations":[{"start":{"line":47,"column":4},"end":{"line":47,"column":105}},{"start":{},"end":{}}],"line":47},"2":{"loc":{"start":{"line":55,"column":26},"end":{"line":55,"column":42}},"type":"binary-expr","locations":[{"start":{"line":55,"column":26},"end":{"line":55,"column":32}},{"start":{"line":55,"column":36},"end":{"line":55,"column":42}}],"line":55},"3":{"loc":{"start":{"line":56,"column":26},"end":{"line":56,"column":78}},"type":"cond-expr","locations":[{"start":{"line":56,"column":45},"end":{"line":56,"column":71}},{"start":{"line":56,"column":74},"end":{"line":56,"column":78}}],"line":56},"4":{"loc":{"start":{"line":57,"column":26},"end":{"line":57,"column":50}},"type":"binary-expr","locations":[{"start":{"line":57,"column":26},"end":{"line":57,"column":42}},{"start":{"line":57,"column":46},"end":{"line":57,"column":50}}],"line":57},"5":{"loc":{"start":{"line":58,"column":26},"end":{"line":58,"column":42}},"type":"binary-expr","locations":[{"start":{"line":58,"column":26},"end":{"line":58,"column":34}},{"start":{"line":58,"column":38},"end":{"line":58,"column":42}}],"line":58},"6":{"loc":{"start":{"line":59,"column":26},"end":{"line":59,"column":39}},"type":"binary-expr","locations":[{"start":{"line":59,"column":26},"end":{"line":59,"column":31}},{"start":{"line":59,"column":35},"end":{"line":59,"column":39}}],"line":59},"7":{"loc":{"start":{"line":74,"column":4},"end":{"line":75,"column":94}},"type":"if","locations":[{"start":{"line":74,"column":4},"end":{"line":75,"column":94}},{"start":{},"end":{}}],"line":74},"8":{"loc":{"start":{"line":74,"column":8},"end":{"line":74,"column":47}},"type":"binary-expr","locations":[{"start":{"line":74,"column":8},"end":{"line":74,"column":17}},{"start":{"line":74,"column":21},"end":{"line":74,"column":47}}],"line":74},"9":{"loc":{"start":{"line":80,"column":4},"end":{"line":89,"column":5}},"type":"if","locations":[{"start":{"line":80,"column":4},"end":{"line":89,"column":5}},{"start":{},"end":{}}],"line":80},"10":{"loc":{"start":{"line":80,"column":8},"end":{"line":80,"column":44}},"type":"binary-expr","locations":[{"start":{"line":80,"column":8},"end":{"line":80,"column":14}},{"start":{"line":80,"column":18},"end":{"line":80,"column":44}}],"line":80},"11":{"loc":{"start":{"line":81,"column":22},"end":{"line":81,"column":56}},"type":"binary-expr","locations":[{"start":{"line":81,"column":22},"end":{"line":81,"column":50}},{"start":{"line":81,"column":54},"end":{"line":81,"column":56}}],"line":81},"12":{"loc":{"start":{"line":82,"column":6},"end":{"line":88,"column":7}},"type":"if","locations":[{"start":{"line":82,"column":6},"end":{"line":88,"column":7}},{"start":{},"end":{}}],"line":82},"13":{"loc":{"start":{"line":85,"column":93},"end":{"line":85,"column":123}},"type":"binary-expr","locations":[{"start":{"line":85,"column":93},"end":{"line":85,"column":111}},{"start":{"line":85,"column":115},"end":{"line":85,"column":123}}],"line":85},"14":{"loc":{"start":{"line":92,"column":4},"end":{"line":92,"column":37}},"type":"if","locations":[{"start":{"line":92,"column":4},"end":{"line":92,"column":37}},{"start":{},"end":{}}],"line":92},"15":{"loc":{"start":{"line":93,"column":4},"end":{"line":95,"column":5}},"type":"if","locations":[{"start":{"line":93,"column":4},"end":{"line":95,"column":5}},{"start":{},"end":{}}],"line":93},"16":{"loc":{"start":{"line":94,"column":30},"end":{"line":94,"column":92}},"type":"cond-expr","locations":[{"start":{"line":94,"column":54},"end":{"line":94,"column":85}},{"start":{"line":94,"column":88},"end":{"line":94,"column":92}}],"line":94},"17":{"loc":{"start":{"line":109,"column":4},"end":{"line":110,"column":94}},"type":"if","locations":[{"start":{"line":109,"column":4},"end":{"line":110,"column":94}},{"start":{},"end":{}}],"line":109},"18":{"loc":{"start":{"line":109,"column":8},"end":{"line":109,"column":47}},"type":"binary-expr","locations":[{"start":{"line":109,"column":8},"end":{"line":109,"column":17}},{"start":{"line":109,"column":21},"end":{"line":109,"column":47}}],"line":109},"19":{"loc":{"start":{"line":112,"column":4},"end":{"line":114,"column":5}},"type":"if","locations":[{"start":{"line":112,"column":4},"end":{"line":114,"column":5}},{"start":{},"end":{}}],"line":112},"20":{"loc":{"start":{"line":125,"column":4},"end":{"line":125,"column":105}},"type":"if","locations":[{"start":{"line":125,"column":4},"end":{"line":125,"column":105}},{"start":{},"end":{}}],"line":125},"21":{"loc":{"start":{"line":135,"column":6},"end":{"line":135,"column":43}},"type":"if","locations":[{"start":{"line":135,"column":6},"end":{"line":135,"column":43}},{"start":{},"end":{}}],"line":135}},"s":{"0":8,"1":8,"2":8,"3":8,"4":2,"5":8,"6":0,"7":0,"8":0,"9":0,"10":0,"11":0,"12":0,"13":0,"14":0,"15":0,"16":0,"17":8,"18":1,"19":1,"20":1,"21":0,"22":1,"23":1,"24":1,"25":0,"26":8,"27":3,"28":3,"29":3,"30":3,"31":3,"32":0,"33":3,"34":3,"35":3,"36":3,"37":1,"38":2,"39":2,"40":2,"41":2,"42":0,"43":2,"44":2,"45":0,"46":8,"47":2,"48":2,"49":2,"50":2,"51":2,"52":0,"53":2,"54":1,"55":1,"56":1,"57":0,"58":8,"59":1,"60":1,"61":1,"62":0,"63":1,"64":1,"65":1,"66":3,"67":3,"68":2,"69":3,"70":1,"71":0,"72":8},"f":{"0":2,"1":0,"2":1,"3":3,"4":2,"5":1},"b":{"0":[0,0],"1":[0,1],"2":[1,0],"3":[0,1],"4":[1,1],"5":[1,1],"6":[1,1],"7":[0,3],"8":[3,3],"9":[3,0],"10":[3,3],"11":[3,0],"12":[1,2],"13":[1,0],"14":[2,0],"15":[0,2],"16":[0,0],"17":[0,2],"18":[2,2],"19":[1,1],"20":[0,1],"21":[2,1]},"_coverageSchema":"1a1c01bbd47fc00a2c39e90264f33305004495a9","hash":"d6c2d1085f31ef33f4d5091c5da0a97986705e21"}
,"/home/ousmane/www/dgs-backend/src/controleurs/dashboardControleur.js": {"path":"/home/ousmane/www/dgs-backend/src/controleurs/dashboardControleur.js","statementMap":{"0":{"start":{"line":3,"column":16},"end":{"line":3,"column":56}},"1":{"start":{"line":4,"column":26},"end":{"line":4,"column":52}},"2":{"start":{"line":7,"column":16},"end":{"line":7,"column":86}},"3":{"start":{"line":8,"column":2},"end":{"line":12,"column":4}},"4":{"start":{"line":16,"column":21},"end":{"line":126,"column":1}},"5":{"start":{"line":17,"column":2},"end":{"line":125,"column":3}},"6":{"start":{"line":18,"column":19},"end":{"line":18,"column":44}},"7":{"start":{"line":20,"column":17},"end":{"line":20,"column":116}},"8":{"start":{"line":21,"column":4},"end":{"line":21,"column":85}},"9":{"start":{"line":21,"column":15},"end":{"line":21,"column":85}},"10":{"start":{"line":23,"column":48},"end":{"line":44,"column":6}},"11":{"start":{"line":46,"column":26},"end":{"line":46,"column":43}},"12":{"start":{"line":47,"column":26},"end":{"line":47,"column":50}},"13":{"start":{"line":50,"column":18},"end":{"line":50,"column":33}},"14":{"start":{"line":51,"column":22},"end":{"line":54,"column":13}},"15":{"start":{"line":52,"column":18},"end":{"line":52,"column":49}},"16":{"start":{"line":53,"column":6},"end":{"line":53,"column":59}},"17":{"start":{"line":55,"column":27},"end":{"line":55,"column":89}},"18":{"start":{"line":58,"column":24},"end":{"line":58,"column":72}},"19":{"start":{"line":58,"column":42},"end":{"line":58,"column":64}},"20":{"start":{"line":59,"column":24},"end":{"line":59,"column":58}},"21":{"start":{"line":62,"column":27},"end":{"line":62,"column":61}},"22":{"start":{"line":63,"column":4},"end":{"line":63,"column":63}},"23":{"start":{"line":63,"column":29},"end":{"line":63,"column":59}},"24":{"start":{"line":65,"column":24},"end":{"line":65,"column":58}},"25":{"start":{"line":66,"column":4},"end":{"line":66,"column":55}},"26":{"start":{"line":66,"column":25},"end":{"line":66,"column":51}},"27":{"start":{"line":68,"column":29},"end":{"line":68,"column":65}},"28":{"start":{"line":69,"column":4},"end":{"line":69,"column":61}},"29":{"start":{"line":69,"column":28},"end":{"line":69,"column":57}},"30":{"start":{"line":72,"column":17},"end":{"line":84,"column":8}},"31":{"start":{"line":73,"column":20},"end":{"line":73,"column":59}},"32":{"start":{"line":74,"column":22},"end":{"line":74,"column":103}},"33":{"start":{"line":77,"column":21},"end":{"line":77,"column":52}},"34":{"start":{"line":78,"column":21},"end":{"line":78,"column":52}},"35":{"start":{"line":79,"column":23},"end":{"line":79,"column":31}},"36":{"start":{"line":80,"column":8},"end":{"line":82,"column":9}},"37":{"start":{"line":81,"column":10},"end":{"line":81,"column":80}},"38":{"start":{"line":83,"column":8},"end":{"line":83,"column":80}},"39":{"start":{"line":87,"column":16},"end":{"line":87,"column":26}},"40":{"start":{"line":88,"column":19},"end":{"line":90,"column":18}},"41":{"start":{"line":89,"column":19},"end":{"line":89,"column":76}},"42":{"start":{"line":93,"column":27},"end":{"line":93,"column":80}},"43":{"start":{"line":93,"column":45},"end":{"line":93,"column":67}},"44":{"start":{"line":95,"column":4},"end":{"line":122,"column":7}},"45":{"start":{"line":103,"column":47},"end":{"line":103,"column":84}},"46":{"start":{"line":124,"column":4},"end":{"line":124,"column":14}},"47":{"start":{"line":129,"column":27},"end":{"line":177,"column":1}},"48":{"start":{"line":130,"column":2},"end":{"line":176,"column":3}},"49":{"start":{"line":131,"column":18},"end":{"line":147,"column":6}},"50":{"start":{"line":149,"column":17},"end":{"line":169,"column":6}},"51":{"start":{"line":150,"column":28},"end":{"line":150,"column":60}},"52":{"start":{"line":151,"column":28},"end":{"line":151,"column":48}},"53":{"start":{"line":152,"column":28},"end":{"line":155,"column":15}},"54":{"start":{"line":153,"column":18},"end":{"line":153,"column":49}},"55":{"start":{"line":154,"column":8},"end":{"line":154,"column":35}},"56":{"start":{"line":156,"column":29},"end":{"line":156,"column":91}},"57":{"start":{"line":157,"column":29},"end":{"line":157,"column":92}},"58":{"start":{"line":157,"column":62},"end":{"line":157,"column":84}},"59":{"start":{"line":158,"column":29},"end":{"line":158,"column":63}},"60":{"start":{"line":159,"column":29},"end":{"line":159,"column":85}},"61":{"start":{"line":161,"column":6},"end":{"line":168,"column":8}},"62":{"start":{"line":171,"column":4},"end":{"line":171,"column":71}},"63":{"start":{"line":171,"column":24},"end":{"line":171,"column":69}},"64":{"start":{"line":173,"column":4},"end":{"line":173,"column":48}},"65":{"start":{"line":175,"column":4},"end":{"line":175,"column":14}},"66":{"start":{"line":179,"column":0},"end":{"line":179,"column":54}}},"fnMap":{"0":{"name":"calcSanteGlobale","decl":{"start":{"line":6,"column":9},"end":{"line":6,"column":25}},"loc":{"start":{"line":6,"column":66},"end":{"line":13,"column":1}},"line":6},"1":{"name":"(anonymous_1)","decl":{"start":{"line":16,"column":21},"end":{"line":16,"column":22}},"loc":{"start":{"line":16,"column":47},"end":{"line":126,"column":1}},"line":16},"2":{"name":"(anonymous_2)","decl":{"start":{"line":51,"column":38},"end":{"line":51,"column":39}},"loc":{"start":{"line":51,"column":44},"end":{"line":54,"column":5}},"line":51},"3":{"name":"(anonymous_3)","decl":{"start":{"line":58,"column":37},"end":{"line":58,"column":38}},"loc":{"start":{"line":58,"column":42},"end":{"line":58,"column":64}},"line":58},"4":{"name":"(anonymous_4)","decl":{"start":{"line":63,"column":21},"end":{"line":63,"column":22}},"loc":{"start":{"line":63,"column":27},"end":{"line":63,"column":61}},"line":63},"5":{"name":"(anonymous_5)","decl":{"start":{"line":66,"column":18},"end":{"line":66,"column":19}},"loc":{"start":{"line":66,"column":23},"end":{"line":66,"column":53}},"line":66},"6":{"name":"(anonymous_6)","decl":{"start":{"line":69,"column":21},"end":{"line":69,"column":22}},"loc":{"start":{"line":69,"column":26},"end":{"line":69,"column":59}},"line":69},"7":{"name":"(anonymous_7)","decl":{"start":{"line":73,"column":14},"end":{"line":73,"column":15}},"loc":{"start":{"line":73,"column":20},"end":{"line":73,"column":59}},"line":73},"8":{"name":"(anonymous_8)","decl":{"start":{"line":74,"column":12},"end":{"line":74,"column":13}},"loc":{"start":{"line":74,"column":22},"end":{"line":74,"column":103}},"line":74},"9":{"name":"(anonymous_9)","decl":{"start":{"line":76,"column":11},"end":{"line":76,"column":12}},"loc":{"start":{"line":76,"column":17},"end":{"line":84,"column":7}},"line":76},"10":{"name":"(anonymous_10)","decl":{"start":{"line":89,"column":14},"end":{"line":89,"column":15}},"loc":{"start":{"line":89,"column":19},"end":{"line":89,"column":76}},"line":89},"11":{"name":"(anonymous_11)","decl":{"start":{"line":93,"column":40},"end":{"line":93,"column":41}},"loc":{"start":{"line":93,"column":45},"end":{"line":93,"column":67}},"line":93},"12":{"name":"(anonymous_12)","decl":{"start":{"line":103,"column":41},"end":{"line":103,"column":42}},"loc":{"start":{"line":103,"column":47},"end":{"line":103,"column":84}},"line":103},"13":{"name":"(anonymous_13)","decl":{"start":{"line":129,"column":27},"end":{"line":129,"column":28}},"loc":{"start":{"line":129,"column":53},"end":{"line":177,"column":1}},"line":129},"14":{"name":"(anonymous_14)","decl":{"start":{"line":149,"column":27},"end":{"line":149,"column":28}},"loc":{"start":{"line":149,"column":35},"end":{"line":169,"column":5}},"line":149},"15":{"name":"(anonymous_15)","decl":{"start":{"line":152,"column":49},"end":{"line":152,"column":50}},"loc":{"start":{"line":152,"column":55},"end":{"line":155,"column":7}},"line":152},"16":{"name":"(anonymous_16)","decl":{"start":{"line":157,"column":57},"end":{"line":157,"column":58}},"loc":{"start":{"line":157,"column":62},"end":{"line":157,"column":84}},"line":157},"17":{"name":"(anonymous_17)","decl":{"start":{"line":171,"column":14},"end":{"line":171,"column":15}},"loc":{"start":{"line":171,"column":24},"end":{"line":171,"column":69}},"line":171}},"branchMap":{"0":{"loc":{"start":{"line":10,"column":12},"end":{"line":10,"column":68}},"type":"cond-expr","locations":[{"start":{"line":10,"column":26},"end":{"line":10,"column":31}},{"start":{"line":10,"column":34},"end":{"line":10,"column":68}}],"line":10},"1":{"loc":{"start":{"line":10,"column":34},"end":{"line":10,"column":68}},"type":"cond-expr","locations":[{"start":{"line":10,"column":48},"end":{"line":10,"column":55}},{"start":{"line":10,"column":58},"end":{"line":10,"column":68}}],"line":10},"2":{"loc":{"start":{"line":21,"column":4},"end":{"line":21,"column":85}},"type":"if","locations":[{"start":{"line":21,"column":4},"end":{"line":21,"column":85}},{"start":{},"end":{}}],"line":21},"3":{"loc":{"start":{"line":46,"column":26},"end":{"line":46,"column":43}},"type":"binary-expr","locations":[{"start":{"line":46,"column":26},"end":{"line":46,"column":35}},{"start":{"line":46,"column":39},"end":{"line":46,"column":43}}],"line":46},"4":{"loc":{"start":{"line":47,"column":26},"end":{"line":47,"column":50}},"type":"binary-expr","locations":[{"start":{"line":47,"column":26},"end":{"line":47,"column":45}},{"start":{"line":47,"column":49},"end":{"line":47,"column":50}}],"line":47},"5":{"loc":{"start":{"line":53,"column":13},"end":{"line":53,"column":58}},"type":"binary-expr","locations":[{"start":{"line":53,"column":13},"end":{"line":53,"column":25}},{"start":{"line":53,"column":29},"end":{"line":53,"column":46}},{"start":{"line":53,"column":50},"end":{"line":53,"column":58}}],"line":53},"6":{"loc":{"start":{"line":55,"column":27},"end":{"line":55,"column":89}},"type":"cond-expr","locations":[{"start":{"line":55,"column":39},"end":{"line":55,"column":83}},{"start":{"line":55,"column":86},"end":{"line":55,"column":89}}],"line":55},"7":{"loc":{"start":{"line":74,"column":23},"end":{"line":74,"column":60}},"type":"binary-expr","locations":[{"start":{"line":74,"column":23},"end":{"line":74,"column":53}},{"start":{"line":74,"column":57},"end":{"line":74,"column":60}}],"line":74},"8":{"loc":{"start":{"line":74,"column":65},"end":{"line":74,"column":102}},"type":"binary-expr","locations":[{"start":{"line":74,"column":65},"end":{"line":74,"column":95}},{"start":{"line":74,"column":99},"end":{"line":74,"column":102}}],"line":74},"9":{"loc":{"start":{"line":80,"column":8},"end":{"line":82,"column":9}},"type":"if","locations":[{"start":{"line":80,"column":8},"end":{"line":82,"column":9}},{"start":{},"end":{}}],"line":80},"10":{"loc":{"start":{"line":80,"column":12},"end":{"line":80,"column":40}},"type":"binary-expr","locations":[{"start":{"line":80,"column":12},"end":{"line":80,"column":24}},{"start":{"line":80,"column":28},"end":{"line":80,"column":40}}],"line":80},"11":{"loc":{"start":{"line":81,"column":21},"end":{"line":81,"column":79}},"type":"cond-expr","locations":[{"start":{"line":81,"column":35},"end":{"line":81,"column":43}},{"start":{"line":81,"column":46},"end":{"line":81,"column":79}}],"line":81},"12":{"loc":{"start":{"line":81,"column":46},"end":{"line":81,"column":79}},"type":"cond-expr","locations":[{"start":{"line":81,"column":60},"end":{"line":81,"column":68}},{"start":{"line":81,"column":71},"end":{"line":81,"column":79}}],"line":81},"13":{"loc":{"start":{"line":89,"column":19},"end":{"line":89,"column":76}},"type":"binary-expr","locations":[{"start":{"line":89,"column":19},"end":{"line":89,"column":37}},{"start":{"line":89,"column":41},"end":{"line":89,"column":76}}],"line":89},"14":{"loc":{"start":{"line":101,"column":30},"end":{"line":101,"column":61}},"type":"binary-expr","locations":[{"start":{"line":101,"column":30},"end":{"line":101,"column":53}},{"start":{"line":101,"column":57},"end":{"line":101,"column":61}}],"line":101},"15":{"loc":{"start":{"line":102,"column":30},"end":{"line":102,"column":58}},"type":"binary-expr","locations":[{"start":{"line":102,"column":30},"end":{"line":102,"column":50}},{"start":{"line":102,"column":54},"end":{"line":102,"column":58}}],"line":102},"16":{"loc":{"start":{"line":150,"column":28},"end":{"line":150,"column":60}},"type":"binary-expr","locations":[{"start":{"line":150,"column":28},"end":{"line":150,"column":55}},{"start":{"line":150,"column":59},"end":{"line":150,"column":60}}],"line":150},"17":{"loc":{"start":{"line":154,"column":15},"end":{"line":154,"column":34}},"type":"binary-expr","locations":[{"start":{"line":154,"column":15},"end":{"line":154,"column":24}},{"start":{"line":154,"column":28},"end":{"line":154,"column":34}}],"line":154},"18":{"loc":{"start":{"line":156,"column":29},"end":{"line":156,"column":91}},"type":"cond-expr","locations":[{"start":{"line":156,"column":41},"end":{"line":156,"column":85}},{"start":{"line":156,"column":88},"end":{"line":156,"column":91}}],"line":156}},"s":{"0":8,"1":8,"2":3,"3":3,"4":8,"5":3,"6":3,"7":3,"8":3,"9":1,"10":2,"11":2,"12":2,"13":2,"14":2,"15":2,"16":2,"17":2,"18":2,"19":2,"20":2,"21":2,"22":2,"23":2,"24":2,"25":2,"26":2,"27":2,"28":2,"29":0,"30":2,"31":2,"32":0,"33":0,"34":0,"35":0,"36":0,"37":0,"38":0,"39":2,"40":2,"41":0,"42":2,"43":2,"44":2,"45":2,"46":0,"47":8,"48":1,"49":1,"50":1,"51":1,"52":1,"53":1,"54":1,"55":1,"56":1,"57":1,"58":1,"59":1,"60":1,"61":1,"62":1,"63":0,"64":1,"65":0,"66":8},"f":{"0":3,"1":3,"2":2,"3":2,"4":2,"5":2,"6":0,"7":2,"8":0,"9":0,"10":0,"11":2,"12":2,"13":1,"14":1,"15":1,"16":1,"17":0},"b":{"0":[0,3],"1":[3,0],"2":[1,2],"3":[2,0],"4":[2,0],"5":[2,2,0],"6":[2,0],"7":[0,0],"8":[0,0],"9":[0,0],"10":[0,0],"11":[0,0],"12":[0,0],"13":[0,0],"14":[2,0],"15":[2,0],"16":[1,0],"17":[1,0],"18":[1,0]},"_coverageSchema":"1a1c01bbd47fc00a2c39e90264f33305004495a9","hash":"5c58e8d8f268af6acaca5cdf639c2f9120e36738"}
,"/home/ousmane/www/dgs-backend/src/controleurs/motCleControleur.js": {"path":"/home/ousmane/www/dgs-backend/src/controleurs/motCleControleur.js","statementMap":{"0":{"start":{"line":3,"column":15},"end":{"line":3,"column":55}},"1":{"start":{"line":4,"column":59},"end":{"line":4,"column":85}},"2":{"start":{"line":5,"column":89},"end":{"line":5,"column":119}},"3":{"start":{"line":7,"column":25},"end":{"line":7,"column":54}},"4":{"start":{"line":8,"column":25},"end":{"line":8,"column":59}},"5":{"start":{"line":11,"column":2},"end":{"line":15,"column":5}},"6":{"start":{"line":12,"column":14},"end":{"line":12,"column":69}},"7":{"start":{"line":13,"column":4},"end":{"line":13,"column":26}},"8":{"start":{"line":13,"column":17},"end":{"line":13,"column":26}},"9":{"start":{"line":14,"column":4},"end":{"line":14,"column":59}},"10":{"start":{"line":19,"column":15},"end":{"line":19,"column":97}},"11":{"start":{"line":20,"column":2},"end":{"line":20,"column":83}},"12":{"start":{"line":20,"column":13},"end":{"line":20,"column":83}},"13":{"start":{"line":21,"column":2},"end":{"line":21,"column":90}},"14":{"start":{"line":21,"column":63},"end":{"line":21,"column":90}},"15":{"start":{"line":22,"column":2},"end":{"line":22,"column":18}},"16":{"start":{"line":26,"column":21},"end":{"line":57,"column":1}},"17":{"start":{"line":27,"column":2},"end":{"line":56,"column":30}},"18":{"start":{"line":28,"column":19},"end":{"line":28,"column":44}},"19":{"start":{"line":29,"column":19},"end":{"line":29,"column":96}},"20":{"start":{"line":30,"column":4},"end":{"line":30,"column":85}},"21":{"start":{"line":30,"column":15},"end":{"line":30,"column":85}},"22":{"start":{"line":32,"column":18},"end":{"line":32,"column":28}},"23":{"start":{"line":33,"column":44},"end":{"line":33,"column":53}},"24":{"start":{"line":35,"column":4},"end":{"line":39,"column":5}},"25":{"start":{"line":36,"column":6},"end":{"line":37,"column":127}},"26":{"start":{"line":37,"column":8},"end":{"line":37,"column":127}},"27":{"start":{"line":38,"column":6},"end":{"line":38,"column":32}},"28":{"start":{"line":40,"column":4},"end":{"line":40,"column":47}},"29":{"start":{"line":40,"column":19},"end":{"line":40,"column":47}},"30":{"start":{"line":41,"column":4},"end":{"line":41,"column":67}},"31":{"start":{"line":41,"column":19},"end":{"line":41,"column":67}},"32":{"start":{"line":43,"column":19},"end":{"line":43,"column":51}},"33":{"start":{"line":44,"column":19},"end":{"line":44,"column":42}},"34":{"start":{"line":46,"column":30},"end":{"line":49,"column":6}},"35":{"start":{"line":51,"column":4},"end":{"line":51,"column":27}},"36":{"start":{"line":52,"column":17},"end":{"line":52,"column":51}},"37":{"start":{"line":53,"column":4},"end":{"line":53,"column":48}},"38":{"start":{"line":55,"column":4},"end":{"line":55,"column":70}},"39":{"start":{"line":56,"column":18},"end":{"line":56,"column":28}},"40":{"start":{"line":60,"column":21},"end":{"line":76,"column":1}},"41":{"start":{"line":61,"column":2},"end":{"line":75,"column":30}},"42":{"start":{"line":62,"column":19},"end":{"line":62,"column":44}},"43":{"start":{"line":63,"column":75},"end":{"line":63,"column":83}},"44":{"start":{"line":65,"column":17},"end":{"line":65,"column":99}},"45":{"start":{"line":66,"column":4},"end":{"line":66,"column":85}},"46":{"start":{"line":66,"column":15},"end":{"line":66,"column":85}},"47":{"start":{"line":67,"column":4},"end":{"line":68,"column":101}},"48":{"start":{"line":68,"column":6},"end":{"line":68,"column":101}},"49":{"start":{"line":70,"column":20},"end":{"line":72,"column":6}},"50":{"start":{"line":74,"column":4},"end":{"line":74,"column":63}},"51":{"start":{"line":75,"column":18},"end":{"line":75,"column":28}},"52":{"start":{"line":79,"column":21},"end":{"line":98,"column":1}},"53":{"start":{"line":80,"column":2},"end":{"line":97,"column":30}},"54":{"start":{"line":81,"column":19},"end":{"line":81,"column":44}},"55":{"start":{"line":82,"column":19},"end":{"line":82,"column":40}},"56":{"start":{"line":84,"column":20},"end":{"line":84,"column":70}},"57":{"start":{"line":85,"column":4},"end":{"line":86,"column":94}},"58":{"start":{"line":86,"column":6},"end":{"line":86,"column":94}},"59":{"start":{"line":88,"column":63},"end":{"line":88,"column":71}},"60":{"start":{"line":89,"column":17},"end":{"line":89,"column":19}},"61":{"start":{"line":90,"column":4},"end":{"line":90,"column":78}},"62":{"start":{"line":90,"column":34},"end":{"line":90,"column":78}},"63":{"start":{"line":91,"column":4},"end":{"line":91,"column":63}},"64":{"start":{"line":91,"column":34},"end":{"line":91,"column":63}},"65":{"start":{"line":92,"column":4},"end":{"line":92,"column":72}},"66":{"start":{"line":92,"column":37},"end":{"line":92,"column":72}},"67":{"start":{"line":93,"column":4},"end":{"line":93,"column":62}},"68":{"start":{"line":93,"column":34},"end":{"line":93,"column":62}},"69":{"start":{"line":95,"column":20},"end":{"line":95,"column":72}},"70":{"start":{"line":96,"column":4},"end":{"line":96,"column":51}},"71":{"start":{"line":97,"column":18},"end":{"line":97,"column":28}},"72":{"start":{"line":101,"column":21},"end":{"line":113,"column":1}},"73":{"start":{"line":102,"column":2},"end":{"line":112,"column":30}},"74":{"start":{"line":103,"column":19},"end":{"line":103,"column":44}},"75":{"start":{"line":104,"column":19},"end":{"line":104,"column":40}},"76":{"start":{"line":106,"column":20},"end":{"line":106,"column":70}},"77":{"start":{"line":107,"column":4},"end":{"line":108,"column":94}},"78":{"start":{"line":108,"column":6},"end":{"line":108,"column":94}},"79":{"start":{"line":110,"column":4},"end":{"line":110,"column":51}},"80":{"start":{"line":111,"column":4},"end":{"line":111,"column":66}},"81":{"start":{"line":112,"column":18},"end":{"line":112,"column":28}},"82":{"start":{"line":116,"column":22},"end":{"line":139,"column":1}},"83":{"start":{"line":117,"column":2},"end":{"line":138,"column":30}},"84":{"start":{"line":118,"column":19},"end":{"line":118,"column":44}},"85":{"start":{"line":119,"column":17},"end":{"line":119,"column":94}},"86":{"start":{"line":120,"column":4},"end":{"line":120,"column":85}},"87":{"start":{"line":120,"column":15},"end":{"line":120,"column":85}},"88":{"start":{"line":122,"column":48},"end":{"line":126,"column":6}},"89":{"start":{"line":128,"column":25},"end":{"line":128,"column":59}},"90":{"start":{"line":129,"column":4},"end":{"line":129,"column":73}},"91":{"start":{"line":129,"column":30},"end":{"line":129,"column":69}},"92":{"start":{"line":131,"column":26},"end":{"line":131,"column":28}},"93":{"start":{"line":132,"column":4},"end":{"line":132,"column":101}},"94":{"start":{"line":132,"column":30},"end":{"line":132,"column":97}},"95":{"start":{"line":132,"column":56},"end":{"line":132,"column":97}},"96":{"start":{"line":134,"column":4},"end":{"line":137,"column":7}},"97":{"start":{"line":138,"column":18},"end":{"line":138,"column":28}},"98":{"start":{"line":141,"column":0},"end":{"line":141,"column":91}}},"fnMap":{"0":{"name":"sortKeywords","decl":{"start":{"line":10,"column":9},"end":{"line":10,"column":21}},"loc":{"start":{"line":10,"column":32},"end":{"line":16,"column":1}},"line":10},"1":{"name":"(anonymous_1)","decl":{"start":{"line":11,"column":23},"end":{"line":11,"column":24}},"loc":{"start":{"line":11,"column":33},"end":{"line":15,"column":3}},"line":11},"2":{"name":"resolveSiteWithOwnership","decl":{"start":{"line":18,"column":15},"end":{"line":18,"column":39}},"loc":{"start":{"line":18,"column":54},"end":{"line":23,"column":1}},"line":18},"3":{"name":"(anonymous_3)","decl":{"start":{"line":26,"column":21},"end":{"line":26,"column":22}},"loc":{"start":{"line":26,"column":47},"end":{"line":57,"column":1}},"line":26},"4":{"name":"(anonymous_4)","decl":{"start":{"line":60,"column":21},"end":{"line":60,"column":22}},"loc":{"start":{"line":60,"column":47},"end":{"line":76,"column":1}},"line":60},"5":{"name":"(anonymous_5)","decl":{"start":{"line":79,"column":21},"end":{"line":79,"column":22}},"loc":{"start":{"line":79,"column":47},"end":{"line":98,"column":1}},"line":79},"6":{"name":"(anonymous_6)","decl":{"start":{"line":101,"column":21},"end":{"line":101,"column":22}},"loc":{"start":{"line":101,"column":47},"end":{"line":113,"column":1}},"line":101},"7":{"name":"(anonymous_7)","decl":{"start":{"line":116,"column":22},"end":{"line":116,"column":23}},"loc":{"start":{"line":116,"column":48},"end":{"line":139,"column":1}},"line":116},"8":{"name":"(anonymous_8)","decl":{"start":{"line":129,"column":23},"end":{"line":129,"column":24}},"loc":{"start":{"line":129,"column":28},"end":{"line":129,"column":71}},"line":129},"9":{"name":"(anonymous_9)","decl":{"start":{"line":132,"column":23},"end":{"line":132,"column":24}},"loc":{"start":{"line":132,"column":28},"end":{"line":132,"column":99}},"line":132}},"branchMap":{"0":{"loc":{"start":{"line":13,"column":4},"end":{"line":13,"column":26}},"type":"if","locations":[{"start":{"line":13,"column":4},"end":{"line":13,"column":26}},{"start":{},"end":{}}],"line":13},"1":{"loc":{"start":{"line":14,"column":12},"end":{"line":14,"column":32}},"type":"binary-expr","locations":[{"start":{"line":14,"column":12},"end":{"line":14,"column":27}},{"start":{"line":14,"column":31},"end":{"line":14,"column":32}}],"line":14},"2":{"loc":{"start":{"line":14,"column":37},"end":{"line":14,"column":57}},"type":"binary-expr","locations":[{"start":{"line":14,"column":37},"end":{"line":14,"column":52}},{"start":{"line":14,"column":56},"end":{"line":14,"column":57}}],"line":14},"3":{"loc":{"start":{"line":20,"column":2},"end":{"line":20,"column":83}},"type":"if","locations":[{"start":{"line":20,"column":2},"end":{"line":20,"column":83}},{"start":{},"end":{}}],"line":20},"4":{"loc":{"start":{"line":21,"column":2},"end":{"line":21,"column":90}},"type":"if","locations":[{"start":{"line":21,"column":2},"end":{"line":21,"column":90}},{"start":{},"end":{}}],"line":21},"5":{"loc":{"start":{"line":21,"column":6},"end":{"line":21,"column":61}},"type":"binary-expr","locations":[{"start":{"line":21,"column":6},"end":{"line":21,"column":27}},{"start":{"line":21,"column":31},"end":{"line":21,"column":61}}],"line":21},"6":{"loc":{"start":{"line":30,"column":4},"end":{"line":30,"column":85}},"type":"if","locations":[{"start":{"line":30,"column":4},"end":{"line":30,"column":85}},{"start":{},"end":{}}],"line":30},"7":{"loc":{"start":{"line":35,"column":4},"end":{"line":39,"column":5}},"type":"if","locations":[{"start":{"line":35,"column":4},"end":{"line":39,"column":5}},{"start":{},"end":{}}],"line":35},"8":{"loc":{"start":{"line":36,"column":6},"end":{"line":37,"column":127}},"type":"if","locations":[{"start":{"line":36,"column":6},"end":{"line":37,"column":127}},{"start":{},"end":{}}],"line":36},"9":{"loc":{"start":{"line":40,"column":4},"end":{"line":40,"column":47}},"type":"if","locations":[{"start":{"line":40,"column":4},"end":{"line":40,"column":47}},{"start":{},"end":{}}],"line":40},"10":{"loc":{"start":{"line":41,"column":4},"end":{"line":41,"column":67}},"type":"if","locations":[{"start":{"line":41,"column":4},"end":{"line":41,"column":67}},{"start":{},"end":{}}],"line":41},"11":{"loc":{"start":{"line":63,"column":50},"end":{"line":63,"column":70}},"type":"default-arg","locations":[{"start":{"line":63,"column":61},"end":{"line":63,"column":70}}],"line":63},"12":{"loc":{"start":{"line":66,"column":4},"end":{"line":66,"column":85}},"type":"if","locations":[{"start":{"line":66,"column":4},"end":{"line":66,"column":85}},{"start":{},"end":{}}],"line":66},"13":{"loc":{"start":{"line":67,"column":4},"end":{"line":68,"column":101}},"type":"if","locations":[{"start":{"line":67,"column":4},"end":{"line":68,"column":101}},{"start":{},"end":{}}],"line":67},"14":{"loc":{"start":{"line":67,"column":8},"end":{"line":67,"column":71}},"type":"binary-expr","locations":[{"start":{"line":67,"column":8},"end":{"line":67,"column":33}},{"start":{"line":67,"column":37},"end":{"line":67,"column":71}}],"line":67},"15":{"loc":{"start":{"line":71,"column":56},"end":{"line":71,"column":73}},"type":"binary-expr","locations":[{"start":{"line":71,"column":56},"end":{"line":71,"column":65}},{"start":{"line":71,"column":69},"end":{"line":71,"column":73}}],"line":71},"16":{"loc":{"start":{"line":71,"column":90},"end":{"line":71,"column":111}},"type":"binary-expr","locations":[{"start":{"line":71,"column":90},"end":{"line":71,"column":103}},{"start":{"line":71,"column":107},"end":{"line":71,"column":111}}],"line":71},"17":{"loc":{"start":{"line":85,"column":4},"end":{"line":86,"column":94}},"type":"if","locations":[{"start":{"line":85,"column":4},"end":{"line":86,"column":94}},{"start":{},"end":{}}],"line":85},"18":{"loc":{"start":{"line":85,"column":8},"end":{"line":85,"column":45}},"type":"binary-expr","locations":[{"start":{"line":85,"column":8},"end":{"line":85,"column":16}},{"start":{"line":85,"column":20},"end":{"line":85,"column":45}}],"line":85},"19":{"loc":{"start":{"line":90,"column":4},"end":{"line":90,"column":78}},"type":"if","locations":[{"start":{"line":90,"column":4},"end":{"line":90,"column":78}},{"start":{},"end":{}}],"line":90},"20":{"loc":{"start":{"line":91,"column":4},"end":{"line":91,"column":63}},"type":"if","locations":[{"start":{"line":91,"column":4},"end":{"line":91,"column":63}},{"start":{},"end":{}}],"line":91},"21":{"loc":{"start":{"line":92,"column":4},"end":{"line":92,"column":72}},"type":"if","locations":[{"start":{"line":92,"column":4},"end":{"line":92,"column":72}},{"start":{},"end":{}}],"line":92},"22":{"loc":{"start":{"line":93,"column":4},"end":{"line":93,"column":62}},"type":"if","locations":[{"start":{"line":93,"column":4},"end":{"line":93,"column":62}},{"start":{},"end":{}}],"line":93},"23":{"loc":{"start":{"line":107,"column":4},"end":{"line":108,"column":94}},"type":"if","locations":[{"start":{"line":107,"column":4},"end":{"line":108,"column":94}},{"start":{},"end":{}}],"line":107},"24":{"loc":{"start":{"line":107,"column":8},"end":{"line":107,"column":45}},"type":"binary-expr","locations":[{"start":{"line":107,"column":8},"end":{"line":107,"column":16}},{"start":{"line":107,"column":20},"end":{"line":107,"column":45}}],"line":107},"25":{"loc":{"start":{"line":120,"column":4},"end":{"line":120,"column":85}},"type":"if","locations":[{"start":{"line":120,"column":4},"end":{"line":120,"column":85}},{"start":{},"end":{}}],"line":120},"26":{"loc":{"start":{"line":132,"column":30},"end":{"line":132,"column":97}},"type":"if","locations":[{"start":{"line":132,"column":30},"end":{"line":132,"column":97}},{"start":{},"end":{}}],"line":132},"27":{"loc":{"start":{"line":136,"column":92},"end":{"line":136,"column":125}},"type":"binary-expr","locations":[{"start":{"line":136,"column":92},"end":{"line":136,"column":120}},{"start":{"line":136,"column":124},"end":{"line":136,"column":125}}],"line":136}},"s":{"0":8,"1":8,"2":8,"3":8,"4":8,"5":1,"6":0,"7":0,"8":0,"9":0,"10":0,"11":0,"12":0,"13":0,"14":0,"15":0,"16":8,"17":1,"18":1,"19":1,"20":1,"21":0,"22":1,"23":1,"24":1,"25":0,"26":0,"27":0,"28":1,"29":0,"30":1,"31":0,"32":1,"33":1,"34":1,"35":1,"36":1,"37":1,"38":1,"39":0,"40":8,"41":1,"42":1,"43":1,"44":1,"45":1,"46":0,"47":1,"48":0,"49":1,"50":1,"51":0,"52":8,"53":1,"54":1,"55":1,"56":1,"57":1,"58":0,"59":1,"60":1,"61":1,"62":1,"63":1,"64":0,"65":1,"66":0,"67":1,"68":1,"69":1,"70":1,"71":0,"72":8,"73":0,"74":0,"75":0,"76":0,"77":0,"78":0,"79":0,"80":0,"81":0,"82":8,"83":1,"84":1,"85":1,"86":1,"87":0,"88":1,"89":1,"90":1,"91":2,"92":1,"93":1,"94":1,"95":0,"96":1,"97":0,"98":8},"f":{"0":1,"1":0,"2":0,"3":1,"4":1,"5":1,"6":0,"7":1,"8":2,"9":1},"b":{"0":[0,0],"1":[0,0],"2":[0,0],"3":[0,0],"4":[0,0],"5":[0,0],"6":[0,1],"7":[0,1],"8":[0,0],"9":[0,1],"10":[0,1],"11":[0],"12":[0,1],"13":[0,1],"14":[1,0],"15":[1,1],"16":[1,0],"17":[0,1],"18":[1,1],"19":[1,0],"20":[0,1],"21":[0,1],"22":[1,0],"23":[0,0],"24":[0,0],"25":[0,1],"26":[0,1],"27":[1,1]},"_coverageSchema":"1a1c01bbd47fc00a2c39e90264f33305004495a9","hash":"d48d6e074e31f4af3833a18d2c0d40b2974dcf07"}
,"/home/ousmane/www/dgs-backend/src/controleurs/projetControleur.js": {"path":"/home/ousmane/www/dgs-backend/src/controleurs/projetControleur.js","statementMap":{"0":{"start":{"line":3,"column":16},"end":{"line":3,"column":56}},"1":{"start":{"line":4,"column":28},"end":{"line":4,"column":54}},"2":{"start":{"line":6,"column":21},"end":{"line":17,"column":1}},"3":{"start":{"line":7,"column":2},"end":{"line":16,"column":30}},"4":{"start":{"line":8,"column":33},"end":{"line":8,"column":41}},"5":{"start":{"line":9,"column":4},"end":{"line":9,"column":124}},"6":{"start":{"line":9,"column":14},"end":{"line":9,"column":124}},"7":{"start":{"line":11,"column":19},"end":{"line":13,"column":6}},"8":{"start":{"line":15,"column":4},"end":{"line":15,"column":62}},"9":{"start":{"line":16,"column":18},"end":{"line":16,"column":28}},"10":{"start":{"line":19,"column":22},"end":{"line":27,"column":1}},"11":{"start":{"line":20,"column":2},"end":{"line":26,"column":30}},"12":{"start":{"line":21,"column":20},"end":{"line":24,"column":6}},"13":{"start":{"line":25,"column":4},"end":{"line":25,"column":51}},"14":{"start":{"line":26,"column":18},"end":{"line":26,"column":28}},"15":{"start":{"line":29,"column":0},"end":{"line":29,"column":49}}},"fnMap":{"0":{"name":"(anonymous_0)","decl":{"start":{"line":6,"column":21},"end":{"line":6,"column":22}},"loc":{"start":{"line":6,"column":47},"end":{"line":17,"column":1}},"line":6},"1":{"name":"(anonymous_1)","decl":{"start":{"line":19,"column":22},"end":{"line":19,"column":23}},"loc":{"start":{"line":19,"column":48},"end":{"line":27,"column":1}},"line":19}},"branchMap":{"0":{"loc":{"start":{"line":9,"column":4},"end":{"line":9,"column":124}},"type":"if","locations":[{"start":{"line":9,"column":4},"end":{"line":9,"column":124}},{"start":{},"end":{}}],"line":9}},"s":{"0":8,"1":8,"2":8,"3":0,"4":0,"5":0,"6":0,"7":0,"8":0,"9":0,"10":8,"11":0,"12":0,"13":0,"14":0,"15":8},"f":{"0":0,"1":0},"b":{"0":[0,0]},"_coverageSchema":"1a1c01bbd47fc00a2c39e90264f33305004495a9","hash":"4e586303d298ab37f1aa46cbb9e17d76aedbbdc8"}
,"/home/ousmane/www/dgs-backend/src/controleurs/recoControleur.js": {"path":"/home/ousmane/www/dgs-backend/src/controleurs/recoControleur.js","statementMap":{"0":{"start":{"line":3,"column":16},"end":{"line":3,"column":56}},"1":{"start":{"line":4,"column":36},"end":{"line":4,"column":70}},"2":{"start":{"line":5,"column":43},"end":{"line":5,"column":69}},"3":{"start":{"line":6,"column":89},"end":{"line":6,"column":119}},"4":{"start":{"line":8,"column":22},"end":{"line":8,"column":59}},"5":{"start":{"line":9,"column":22},"end":{"line":9,"column":56}},"6":{"start":{"line":10,"column":22},"end":{"line":10,"column":51}},"7":{"start":{"line":11,"column":22},"end":{"line":11,"column":56}},"8":{"start":{"line":14,"column":2},"end":{"line":18,"column":5}},"9":{"start":{"line":15,"column":14},"end":{"line":15,"column":67}},"10":{"start":{"line":16,"column":4},"end":{"line":16,"column":26}},"11":{"start":{"line":16,"column":17},"end":{"line":16,"column":26}},"12":{"start":{"line":17,"column":4},"end":{"line":17,"column":57}},"13":{"start":{"line":22,"column":28},"end":{"line":57,"column":1}},"14":{"start":{"line":23,"column":2},"end":{"line":56,"column":30}},"15":{"start":{"line":24,"column":19},"end":{"line":24,"column":44}},"16":{"start":{"line":25,"column":17},"end":{"line":25,"column":94}},"17":{"start":{"line":26,"column":4},"end":{"line":26,"column":85}},"18":{"start":{"line":26,"column":15},"end":{"line":26,"column":85}},"19":{"start":{"line":28,"column":18},"end":{"line":28,"column":28}},"20":{"start":{"line":29,"column":39},"end":{"line":29,"column":48}},"21":{"start":{"line":30,"column":4},"end":{"line":33,"column":5}},"22":{"start":{"line":31,"column":6},"end":{"line":31,"column":145}},"23":{"start":{"line":31,"column":39},"end":{"line":31,"column":145}},"24":{"start":{"line":32,"column":6},"end":{"line":32,"column":24}},"25":{"start":{"line":34,"column":4},"end":{"line":37,"column":5}},"26":{"start":{"line":35,"column":6},"end":{"line":35,"column":155}},"27":{"start":{"line":35,"column":43},"end":{"line":35,"column":155}},"28":{"start":{"line":36,"column":6},"end":{"line":36,"column":28}},"29":{"start":{"line":38,"column":4},"end":{"line":41,"column":5}},"30":{"start":{"line":39,"column":6},"end":{"line":39,"column":155}},"31":{"start":{"line":39,"column":42},"end":{"line":39,"column":155}},"32":{"start":{"line":40,"column":6},"end":{"line":40,"column":32}},"33":{"start":{"line":43,"column":19},"end":{"line":43,"column":51}},"34":{"start":{"line":44,"column":19},"end":{"line":44,"column":42}},"35":{"start":{"line":46,"column":27},"end":{"line":49,"column":6}},"36":{"start":{"line":51,"column":4},"end":{"line":51,"column":21}},"37":{"start":{"line":52,"column":17},"end":{"line":52,"column":51}},"38":{"start":{"line":53,"column":4},"end":{"line":53,"column":45}},"39":{"start":{"line":55,"column":4},"end":{"line":55,"column":67}},"40":{"start":{"line":56,"column":18},"end":{"line":56,"column":28}},"41":{"start":{"line":60,"column":35},"end":{"line":73,"column":1}},"42":{"start":{"line":61,"column":2},"end":{"line":72,"column":30}},"43":{"start":{"line":62,"column":19},"end":{"line":62,"column":44}},"44":{"start":{"line":63,"column":19},"end":{"line":63,"column":40}},"45":{"start":{"line":64,"column":23},"end":{"line":64,"column":31}},"46":{"start":{"line":66,"column":17},"end":{"line":66,"column":74}},"47":{"start":{"line":67,"column":4},"end":{"line":68,"column":98}},"48":{"start":{"line":68,"column":6},"end":{"line":68,"column":98}},"49":{"start":{"line":70,"column":20},"end":{"line":70,"column":91}},"50":{"start":{"line":71,"column":4},"end":{"line":71,"column":51}},"51":{"start":{"line":72,"column":18},"end":{"line":72,"column":28}},"52":{"start":{"line":76,"column":31},"end":{"line":85,"column":1}},"53":{"start":{"line":77,"column":2},"end":{"line":84,"column":30}},"54":{"start":{"line":78,"column":19},"end":{"line":78,"column":44}},"55":{"start":{"line":79,"column":17},"end":{"line":79,"column":94}},"56":{"start":{"line":80,"column":4},"end":{"line":80,"column":85}},"57":{"start":{"line":80,"column":15},"end":{"line":80,"column":85}},"58":{"start":{"line":82,"column":19},"end":{"line":82,"column":56}},"59":{"start":{"line":83,"column":4},"end":{"line":83,"column":50}},"60":{"start":{"line":84,"column":18},"end":{"line":84,"column":28}},"61":{"start":{"line":88,"column":30},"end":{"line":111,"column":1}},"62":{"start":{"line":89,"column":2},"end":{"line":110,"column":30}},"63":{"start":{"line":90,"column":19},"end":{"line":90,"column":44}},"64":{"start":{"line":91,"column":17},"end":{"line":91,"column":94}},"65":{"start":{"line":92,"column":4},"end":{"line":92,"column":85}},"66":{"start":{"line":92,"column":15},"end":{"line":92,"column":85}},"67":{"start":{"line":94,"column":50},"end":{"line":99,"column":6}},"68":{"start":{"line":101,"column":25},"end":{"line":101,"column":67}},"69":{"start":{"line":102,"column":25},"end":{"line":102,"column":59}},"70":{"start":{"line":103,"column":25},"end":{"line":103,"column":64}},"71":{"start":{"line":105,"column":4},"end":{"line":105,"column":73}},"72":{"start":{"line":105,"column":30},"end":{"line":105,"column":69}},"73":{"start":{"line":106,"column":4},"end":{"line":106,"column":73}},"74":{"start":{"line":106,"column":30},"end":{"line":106,"column":69}},"75":{"start":{"line":107,"column":4},"end":{"line":107,"column":73}},"76":{"start":{"line":107,"column":30},"end":{"line":107,"column":69}},"77":{"start":{"line":109,"column":4},"end":{"line":109,"column":89}},"78":{"start":{"line":110,"column":18},"end":{"line":110,"column":28}},"79":{"start":{"line":113,"column":0},"end":{"line":113,"column":116}}},"fnMap":{"0":{"name":"sortRecos","decl":{"start":{"line":13,"column":9},"end":{"line":13,"column":18}},"loc":{"start":{"line":13,"column":26},"end":{"line":19,"column":1}},"line":13},"1":{"name":"(anonymous_1)","decl":{"start":{"line":14,"column":20},"end":{"line":14,"column":21}},"loc":{"start":{"line":14,"column":30},"end":{"line":18,"column":3}},"line":14},"2":{"name":"(anonymous_2)","decl":{"start":{"line":22,"column":28},"end":{"line":22,"column":29}},"loc":{"start":{"line":22,"column":54},"end":{"line":57,"column":1}},"line":22},"3":{"name":"(anonymous_3)","decl":{"start":{"line":60,"column":35},"end":{"line":60,"column":36}},"loc":{"start":{"line":60,"column":61},"end":{"line":73,"column":1}},"line":60},"4":{"name":"(anonymous_4)","decl":{"start":{"line":76,"column":31},"end":{"line":76,"column":32}},"loc":{"start":{"line":76,"column":57},"end":{"line":85,"column":1}},"line":76},"5":{"name":"(anonymous_5)","decl":{"start":{"line":88,"column":30},"end":{"line":88,"column":31}},"loc":{"start":{"line":88,"column":56},"end":{"line":111,"column":1}},"line":88},"6":{"name":"(anonymous_6)","decl":{"start":{"line":105,"column":19},"end":{"line":105,"column":20}},"loc":{"start":{"line":105,"column":28},"end":{"line":105,"column":71}},"line":105},"7":{"name":"(anonymous_7)","decl":{"start":{"line":106,"column":23},"end":{"line":106,"column":24}},"loc":{"start":{"line":106,"column":28},"end":{"line":106,"column":71}},"line":106},"8":{"name":"(anonymous_8)","decl":{"start":{"line":107,"column":21},"end":{"line":107,"column":22}},"loc":{"start":{"line":107,"column":28},"end":{"line":107,"column":71}},"line":107}},"branchMap":{"0":{"loc":{"start":{"line":16,"column":4},"end":{"line":16,"column":26}},"type":"if","locations":[{"start":{"line":16,"column":4},"end":{"line":16,"column":26}},{"start":{},"end":{}}],"line":16},"1":{"loc":{"start":{"line":26,"column":4},"end":{"line":26,"column":85}},"type":"if","locations":[{"start":{"line":26,"column":4},"end":{"line":26,"column":85}},{"start":{},"end":{}}],"line":26},"2":{"loc":{"start":{"line":30,"column":4},"end":{"line":33,"column":5}},"type":"if","locations":[{"start":{"line":30,"column":4},"end":{"line":33,"column":5}},{"start":{},"end":{}}],"line":30},"3":{"loc":{"start":{"line":31,"column":6},"end":{"line":31,"column":145}},"type":"if","locations":[{"start":{"line":31,"column":6},"end":{"line":31,"column":145}},{"start":{},"end":{}}],"line":31},"4":{"loc":{"start":{"line":34,"column":4},"end":{"line":37,"column":5}},"type":"if","locations":[{"start":{"line":34,"column":4},"end":{"line":37,"column":5}},{"start":{},"end":{}}],"line":34},"5":{"loc":{"start":{"line":35,"column":6},"end":{"line":35,"column":155}},"type":"if","locations":[{"start":{"line":35,"column":6},"end":{"line":35,"column":155}},{"start":{},"end":{}}],"line":35},"6":{"loc":{"start":{"line":38,"column":4},"end":{"line":41,"column":5}},"type":"if","locations":[{"start":{"line":38,"column":4},"end":{"line":41,"column":5}},{"start":{},"end":{}}],"line":38},"7":{"loc":{"start":{"line":39,"column":6},"end":{"line":39,"column":155}},"type":"if","locations":[{"start":{"line":39,"column":6},"end":{"line":39,"column":155}},{"start":{},"end":{}}],"line":39},"8":{"loc":{"start":{"line":67,"column":4},"end":{"line":68,"column":98}},"type":"if","locations":[{"start":{"line":67,"column":4},"end":{"line":68,"column":98}},{"start":{},"end":{}}],"line":67},"9":{"loc":{"start":{"line":67,"column":8},"end":{"line":67,"column":39}},"type":"binary-expr","locations":[{"start":{"line":67,"column":8},"end":{"line":67,"column":13}},{"start":{"line":67,"column":17},"end":{"line":67,"column":39}}],"line":67},"10":{"loc":{"start":{"line":80,"column":4},"end":{"line":80,"column":85}},"type":"if","locations":[{"start":{"line":80,"column":4},"end":{"line":80,"column":85}},{"start":{},"end":{}}],"line":80},"11":{"loc":{"start":{"line":92,"column":4},"end":{"line":92,"column":85}},"type":"if","locations":[{"start":{"line":92,"column":4},"end":{"line":92,"column":85}},{"start":{},"end":{}}],"line":92}},"s":{"0":8,"1":8,"2":8,"3":8,"4":8,"5":8,"6":8,"7":8,"8":2,"9":0,"10":0,"11":0,"12":0,"13":8,"14":2,"15":2,"16":2,"17":2,"18":0,"19":2,"20":2,"21":2,"22":0,"23":0,"24":0,"25":2,"26":1,"27":0,"28":1,"29":2,"30":0,"31":0,"32":0,"33":2,"34":2,"35":2,"36":2,"37":2,"38":2,"39":2,"40":0,"41":8,"42":1,"43":1,"44":1,"45":1,"46":1,"47":1,"48":0,"49":1,"50":1,"51":0,"52":8,"53":0,"54":0,"55":0,"56":0,"57":0,"58":0,"59":0,"60":0,"61":8,"62":1,"63":1,"64":1,"65":1,"66":0,"67":1,"68":1,"69":1,"70":1,"71":1,"72":1,"73":1,"74":1,"75":1,"76":1,"77":1,"78":0,"79":8},"f":{"0":2,"1":0,"2":2,"3":1,"4":0,"5":1,"6":1,"7":1,"8":1},"b":{"0":[0,0],"1":[0,2],"2":[0,2],"3":[0,0],"4":[1,1],"5":[0,1],"6":[0,2],"7":[0,0],"8":[0,1],"9":[1,1],"10":[0,0],"11":[0,1]},"_coverageSchema":"1a1c01bbd47fc00a2c39e90264f33305004495a9","hash":"1a5fab494b2c87e7a8e6237f0e22d595000785b0"}
,"/home/ousmane/www/dgs-backend/src/controleurs/siteControleur.js": {"path":"/home/ousmane/www/dgs-backend/src/controleurs/siteControleur.js","statementMap":{"0":{"start":{"line":3,"column":17},"end":{"line":3,"column":57}},"1":{"start":{"line":4,"column":17},"end":{"line":4,"column":43}},"2":{"start":{"line":5,"column":21},"end":{"line":5,"column":55}},"3":{"start":{"line":6,"column":41},"end":{"line":6,"column":67}},"4":{"start":{"line":7,"column":89},"end":{"line":7,"column":119}},"5":{"start":{"line":10,"column":17},"end":{"line":29,"column":1}},"6":{"start":{"line":11,"column":2},"end":{"line":28,"column":30}},"7":{"start":{"line":12,"column":19},"end":{"line":12,"column":51}},"8":{"start":{"line":13,"column":19},"end":{"line":13,"column":42}},"9":{"start":{"line":15,"column":27},"end":{"line":22,"column":6}},"10":{"start":{"line":24,"column":17},"end":{"line":24,"column":51}},"11":{"start":{"line":25,"column":4},"end":{"line":25,"column":45}},"12":{"start":{"line":27,"column":4},"end":{"line":27,"column":67}},"13":{"start":{"line":28,"column":18},"end":{"line":28,"column":28}},"14":{"start":{"line":32,"column":20},"end":{"line":42,"column":1}},"15":{"start":{"line":33,"column":2},"end":{"line":41,"column":30}},"16":{"start":{"line":34,"column":15},"end":{"line":34,"column":36}},"17":{"start":{"line":35,"column":17},"end":{"line":38,"column":6}},"18":{"start":{"line":39,"column":4},"end":{"line":39,"column":85}},"19":{"start":{"line":39,"column":15},"end":{"line":39,"column":85}},"20":{"start":{"line":40,"column":4},"end":{"line":40,"column":48}},"21":{"start":{"line":41,"column":18},"end":{"line":41,"column":28}},"22":{"start":{"line":45,"column":19},"end":{"line":59,"column":1}},"23":{"start":{"line":46,"column":2},"end":{"line":58,"column":30}},"24":{"start":{"line":47,"column":35},"end":{"line":47,"column":43}},"25":{"start":{"line":49,"column":19},"end":{"line":49,"column":78}},"26":{"start":{"line":50,"column":4},"end":{"line":50,"column":91}},"27":{"start":{"line":50,"column":17},"end":{"line":50,"column":91}},"28":{"start":{"line":52,"column":21},"end":{"line":52,"column":69}},"29":{"start":{"line":53,"column":4},"end":{"line":53,"column":96}},"30":{"start":{"line":53,"column":18},"end":{"line":53,"column":96}},"31":{"start":{"line":55,"column":17},"end":{"line":55,"column":75}},"32":{"start":{"line":56,"column":4},"end":{"line":56,"column":55}},"33":{"start":{"line":57,"column":4},"end":{"line":57,"column":60}},"34":{"start":{"line":58,"column":18},"end":{"line":58,"column":28}},"35":{"start":{"line":62,"column":19},"end":{"line":75,"column":1}},"36":{"start":{"line":63,"column":2},"end":{"line":74,"column":30}},"37":{"start":{"line":64,"column":17},"end":{"line":64,"column":38}},"38":{"start":{"line":65,"column":17},"end":{"line":65,"column":64}},"39":{"start":{"line":66,"column":4},"end":{"line":66,"column":85}},"40":{"start":{"line":66,"column":15},"end":{"line":66,"column":85}},"41":{"start":{"line":68,"column":25},"end":{"line":68,"column":33}},"42":{"start":{"line":69,"column":20},"end":{"line":72,"column":6}},"43":{"start":{"line":73,"column":4},"end":{"line":73,"column":51}},"44":{"start":{"line":74,"column":18},"end":{"line":74,"column":28}},"45":{"start":{"line":78,"column":19},"end":{"line":88,"column":1}},"46":{"start":{"line":79,"column":2},"end":{"line":87,"column":30}},"47":{"start":{"line":80,"column":15},"end":{"line":80,"column":36}},"48":{"start":{"line":81,"column":17},"end":{"line":81,"column":64}},"49":{"start":{"line":82,"column":4},"end":{"line":82,"column":85}},"50":{"start":{"line":82,"column":15},"end":{"line":82,"column":85}},"51":{"start":{"line":84,"column":4},"end":{"line":84,"column":48}},"52":{"start":{"line":85,"column":4},"end":{"line":85,"column":49}},"53":{"start":{"line":86,"column":4},"end":{"line":86,"column":63}},"54":{"start":{"line":87,"column":18},"end":{"line":87,"column":28}},"55":{"start":{"line":91,"column":20},"end":{"line":106,"column":1}},"56":{"start":{"line":92,"column":2},"end":{"line":105,"column":30}},"57":{"start":{"line":93,"column":17},"end":{"line":93,"column":38}},"58":{"start":{"line":94,"column":17},"end":{"line":94,"column":64}},"59":{"start":{"line":95,"column":4},"end":{"line":95,"column":85}},"60":{"start":{"line":95,"column":15},"end":{"line":95,"column":85}},"61":{"start":{"line":97,"column":18},"end":{"line":99,"column":6}},"62":{"start":{"line":101,"column":4},"end":{"line":101,"column":33}},"63":{"start":{"line":102,"column":4},"end":{"line":102,"column":81}},"64":{"start":{"line":104,"column":4},"end":{"line":10
[...]
n":4}},"45":{"start":{"line":164,"column":28},"end":{"line":164,"column":67}},"46":{"start":{"line":164,"column":56},"end":{"line":164,"column":65}},"47":{"start":{"line":166,"column":18},"end":{"line":166,"column":76}},"48":{"start":{"line":166,"column":42},"end":{"line":166,"column":75}},"49":{"start":{"line":167,"column":18},"end":{"line":167,"column":52}},"50":{"start":{"line":170,"column":2},"end":{"line":172,"column":3}},"51":{"start":{"line":171,"column":4},"end":{"line":171,"column":61}},"52":{"start":{"line":175,"column":26},"end":{"line":181,"column":8}},"53":{"start":{"line":183,"column":2},"end":{"line":183,"column":62}},"54":{"start":{"line":186,"column":0},"end":{"line":186,"column":45}}},"fnMap":{"0":{"name":"reglesAudit","decl":{"start":{"line":7,"column":9},"end":{"line":7,"column":20}},"loc":{"start":{"line":7,"column":28},"end":{"line":84,"column":1}},"line":7},"1":{"name":"reglesMots","decl":{"start":{"line":88,"column":9},"end":{"line":88,"column":19}},"loc":{"start":{"line":88,"column":30},"end":{"line":131,"column":1}},"line":88},"2":{"name":"generateRecommandations","decl":{"start":{"line":135,"column":15},"end":{"line":135,"column":38}},"loc":{"start":{"line":135,"column":47},"end":{"line":184,"column":1}},"line":135},"3":{"name":"(anonymous_3)","decl":{"start":{"line":143,"column":45},"end":{"line":143,"column":46}},"loc":{"start":{"line":143,"column":51},"end":{"line":143,"column":67}},"line":143},"4":{"name":"(anonymous_4)","decl":{"start":{"line":157,"column":31},"end":{"line":157,"column":32}},"loc":{"start":{"line":157,"column":36},"end":{"line":157,"column":70}},"line":157},"5":{"name":"(anonymous_5)","decl":{"start":{"line":164,"column":51},"end":{"line":164,"column":52}},"loc":{"start":{"line":164,"column":56},"end":{"line":164,"column":65}},"line":164},"6":{"name":"(anonymous_6)","decl":{"start":{"line":166,"column":37},"end":{"line":166,"column":38}},"loc":{"start":{"line":166,"column":42},"end":{"line":166,"column":75}},"line":166}},"branchMap":{"0":{"loc":{"start":{"line":9,"column":2},"end":{"line":9,"column":36}},"type":"if","locations":[{"start":{"line":9,"column":2},"end":{"line":9,"column":36}},{"start":{},"end":{}}],"line":9},"1":{"loc":{"start":{"line":19,"column":2},"end":{"line":27,"column":3}},"type":"if","locations":[{"start":{"line":19,"column":2},"end":{"line":27,"column":3}},{"start":{},"end":{}}],"line":19},"2":{"loc":{"start":{"line":30,"column":2},"end":{"line":40,"column":3}},"type":"if","locations":[{"start":{"line":30,"column":2},"end":{"line":40,"column":3}},{"start":{},"end":{}}],"line":30},"3":{"loc":{"start":{"line":33,"column":18},"end":{"line":33,"column":51}},"type":"cond-expr","locations":[{"start":{"line":33,"column":30},"end":{"line":33,"column":47}},{"start":{"line":33,"column":50},"end":{"line":33,"column":51}}],"line":33},"4":{"loc":{"start":{"line":37,"column":16},"end":{"line":37,"column":49}},"type":"cond-expr","locations":[{"start":{"line":37,"column":30},"end":{"line":37,"column":37}},{"start":{"line":37,"column":40},"end":{"line":37,"column":49}}],"line":37},"5":{"loc":{"start":{"line":43,"column":2},"end":{"line":50,"column":3}},"type":"if","locations":[{"start":{"line":43,"column":2},"end":{"line":50,"column":3}},{"start":{},"end":{}}],"line":43},"6":{"loc":{"start":{"line":53,"column":2},"end":{"line":70,"column":3}},"type":"if","locations":[{"start":{"line":53,"column":2},"end":{"line":70,"column":3}},{"start":{},"end":{}}],"line":53},"7":{"loc":{"start":{"line":55,"column":4},"end":{"line":69,"column":5}},"type":"if","locations":[{"start":{"line":55,"column":4},"end":{"line":69,"column":5}},{"start":{"line":62,"column":11},"end":{"line":69,"column":5}}],"line":55},"8":{"loc":{"start":{"line":55,"column":8},"end":{"line":55,"column":36}},"type":"binary-expr","locations":[{"start":{"line":55,"column":8},"end":{"line":55,"column":19}},{"start":{"line":55,"column":23},"end":{"line":55,"column":36}}],"line":55},"9":{"loc":{"start":{"line":62,"column":11},"end":{"line":69,"column":5}},"type":"if","locations":[{"start":{"line":62,"column":11},"end":{"line":69,"column":5}},{"start":{},"end":{}}],"line":62},"10":{"loc":{"start":{"line":62,"column":15},"end":{"line":62,"column":47}},"type":"binary-expr","locations":[{"start":{"line":62,"column":15},"end":{"line":62,"column":29}},{"start":{"line":62,"column":33},"end":{"line":62,"column":47}}],"line":62},"11":{"loc":{"start":{"line":73,"column":2},"end":{"line":81,"column":3}},"type":"if","locations":[{"start":{"line":73,"column":2},"end":{"line":81,"column":3}},{"start":{},"end":{}}],"line":73},"12":{"loc":{"start":{"line":78,"column":16},"end":{"line":78,"column":48}},"type":"cond-expr","locations":[{"start":{"line":78,"column":29},"end":{"line":78,"column":36}},{"start":{"line":78,"column":39},"end":{"line":78,"column":48}}],"line":78},"13":{"loc":{"start":{"line":92,"column":22},"end":{"line":92,"column":51}},"type":"binary-expr","locations":[{"start":{"line":92,"column":22},"end":{"line":92,"column":43}},{"start":{"line":92,"column":47},"end":{"line":92,"column":51}}],"line":92},"14":{"loc":{"start":{"line":93,"column":22},"end":{"line":93,"column":49}},"type":"binary-expr","locations":[{"start":{"line":93,"column":22},"end":{"line":93,"column":41}},{"start":{"line":93,"column":45},"end":{"line":93,"column":49}}],"line":93},"15":{"loc":{"start":{"line":96,"column":4},"end":{"line":107,"column":5}},"type":"if","locations":[{"start":{"line":96,"column":4},"end":{"line":107,"column":5}},{"start":{},"end":{}}],"line":96},"16":{"loc":{"start":{"line":97,"column":6},"end":{"line":99,"column":42}},"type":"binary-expr","locations":[{"start":{"line":97,"column":6},"end":{"line":97,"column":36}},{"start":{"line":98,"column":6},"end":{"line":98,"column":29}},{"start":{"line":99,"column":7},"end":{"line":99,"column":24}},{"start":{"line":99,"column":28},"end":{"line":99,"column":41}}],"line":97},"17":{"loc":{"start":{"line":97,"column":7},"end":{"line":97,"column":28}},"type":"binary-expr","locations":[{"start":{"line":97,"column":7},"end":{"line":97,"column":23}},{"start":{"line":97,"column":27},"end":{"line":97,"column":28}}],"line":97},"18":{"loc":{"start":{"line":105,"column":131},"end":{"line":105,"column":162}},"type":"binary-expr","locations":[{"start":{"line":105,"column":131},"end":{"line":105,"column":139}},{"start":{"line":105,"column":143},"end":{"line":105,"column":162}}],"line":105},"19":{"loc":{"start":{"line":110,"column":4},"end":{"line":117,"column":5}},"type":"if","locations":[{"start":{"line":110,"column":4},"end":{"line":117,"column":5}},{"start":{},"end":{}}],"line":110},"20":{"loc":{"start":{"line":110,"column":8},"end":{"line":110,"column":61}},"type":"binary-expr","locations":[{"start":{"line":110,"column":8},"end":{"line":110,"column":25}},{"start":{"line":110,"column":29},"end":{"line":110,"column":43}},{"start":{"line":110,"column":47},"end":{"line":110,"column":61}}],"line":110},"21":{"loc":{"start":{"line":120,"column":4},"end":{"line":127,"column":5}},"type":"if","locations":[{"start":{"line":120,"column":4},"end":{"line":127,"column":5}},{"start":{},"end":{}}],"line":120},"22":{"loc":{"start":{"line":120,"column":8},"end":{"line":120,"column":66}},"type":"binary-expr","locations":[{"start":{"line":120,"column":8},"end":{"line":120,"column":31}},{"start":{"line":120,"column":35},"end":{"line":120,"column":66}}],"line":120},"23":{"loc":{"start":{"line":170,"column":2},"end":{"line":172,"column":3}},"type":"if","locations":[{"start":{"line":170,"column":2},"end":{"line":172,"column":3}},{"start":{},"end":{}}],"line":170},"24":{"loc":{"start":{"line":175,"column":26},"end":{"line":181,"column":8}},"type":"cond-expr","locations":[{"start":{"line":176,"column":6},"end":{"line":180,"column":8}},{"start":{"line":181,"column":6},"end":{"line":181,"column":8}}],"line":175}},"s":{"0":10,"1":5,"2":5,"3":1,"4":4,"5":4,"6":0,"7":4,"8":2,"9":2,"10":4,"11":1,"12":1,"13":1,"14":1,"15":4,"16":0,"17":4,"18":0,"19":0,"20":0,"21":0,"22":0,"23":4,"24":1,"25":1,"26":4,"27":5,"28":5,"29":1,"30":1,"31":1,"32":1,"33":1,"34":0,"35":1,"36":1,"37":5,"38":5,"39":5,"40":4,"41":5,"42":5,"43":2,"44":5,"45":5,"46":1,"47":5,"48":6,"49":5,"50":5,"51":4,"52":5,"53":5,"54":10},"f":{"0":5,"1":5,"2":5,"3":4,"4":2,"5":1,"6":6},"b":{"0":[1,4],"1":[2,2],"2":[1,3],"3":[1,0],"4":[1,0],"5":[0,4],"6":[0,4],"7":[0,0],"8":[0,0],"9":[0,0],"10":[0,0],"11":[1,3],"12":[1,0],"13":[1,1],"14":[1,1],"15":[1,0],"16":[1,1,1,0],"17":[1,0],"18":[1,1],"19":[0,1],"20":[1,0,0],"21":[1,0],"22":[1,1],"23":[4,1],"24":[4,1]},"_coverageSchema":"1a1c01bbd47fc00a2c39e90264f33305004495a9","hash":"6e6674fc9f6e1a30729dcbab224305befca374e0"}
,"/home/ousmane/www/dgs-backend/src/utils/errors.js": {"path":"/home/ousmane/www/dgs-backend/src/utils/errors.js","statementMap":{"0":{"start":{"line":5,"column":4},"end":{"line":5,"column":19}},"1":{"start":{"line":6,"column":4},"end":{"line":6,"column":44}},"2":{"start":{"line":7,"column":4},"end":{"line":7,"column":33}},"3":{"start":{"line":8,"column":4},"end":{"line":8,"column":47}},"4":{"start":{"line":9,"column":4},"end":{"line":9,"column":30}},"5":{"start":{"line":10,"column":4},"end":{"line":10,"column":52}},"6":{"start":{"line":16,"column":4},"end":{"line":16,"column":30}},"7":{"start":{"line":22,"column":4},"end":{"line":22,"column":30}},"8":{"start":{"line":23,"column":4},"end":{"line":23,"column":27}},"9":{"start":{"line":29,"column":4},"end":{"line":29,"column":30}},"10":{"start":{"line":35,"column":4},"end":{"line":35,"column":30}},"11":{"start":{"line":41,"column":4},"end":{"line":41,"column":30}},"12":{"start":{"line":45,"column":0},"end":{"line":45,"column":112}}},"fnMap":{"0":{"name":"(anonymous_0)","decl":{"start":{"line":4,"column":2},"end":{"line":4,"column":3}},"loc":{"start":{"line":4,"column":41},"end":{"line":11,"column":3}},"line":4},"1":{"name":"(anonymous_1)","decl":{"start":{"line":15,"column":2},"end":{"line":15,"column":3}},"loc":{"start":{"line":15,"column":69},"end":{"line":17,"column":3}},"line":15},"2":{"name":"(anonymous_2)","decl":{"start":{"line":21,"column":2},"end":{"line":21,"column":3}},"loc":{"start":{"line":21,"column":86},"end":{"line":24,"column":3}},"line":21},"3":{"name":"(anonymous_3)","decl":{"start":{"line":28,"column":2},"end":{"line":28,"column":3}},"loc":{"start":{"line":28,"column":66},"end":{"line":30,"column":3}},"line":28},"4":{"name":"(anonymous_4)","decl":{"start":{"line":34,"column":2},"end":{"line":34,"column":3}},"loc":{"start":{"line":34,"column":60},"end":{"line":36,"column":3}},"line":34},"5":{"name":"(anonymous_5)","decl":{"start":{"line":40,"column":2},"end":{"line":40,"column":3}},"loc":{"start":{"line":40,"column":65},"end":{"line":42,"column":3}},"line":40}},"branchMap":{"0":{"loc":{"start":{"line":8,"column":22},"end":{"line":8,"column":46}},"type":"binary-expr","locations":[{"start":{"line":8,"column":22},"end":{"line":8,"column":26}},{"start":{"line":8,"column":30},"end":{"line":8,"column":46}}],"line":8},"1":{"loc":{"start":{"line":15,"column":14},"end":{"line":15,"column":47}},"type":"default-arg","locations":[{"start":{"line":15,"column":24},"end":{"line":15,"column":47}}],"line":15},"2":{"loc":{"start":{"line":15,"column":49},"end":{"line":15,"column":67}},"type":"default-arg","locations":[{"start":{"line":15,"column":56},"end":{"line":15,"column":67}}],"line":15},"3":{"loc":{"start":{"line":21,"column":14},"end":{"line":21,"column":43}},"type":"default-arg","locations":[{"start":{"line":21,"column":24},"end":{"line":21,"column":43}}],"line":21},"4":{"loc":{"start":{"line":21,"column":45},"end":{"line":21,"column":57}},"type":"default-arg","locations":[{"start":{"line":21,"column":55},"end":{"line":21,"column":57}}],"line":21},"5":{"loc":{"start":{"line":21,"column":59},"end":{"line":21,"column":84}},"type":"default-arg","locations":[{"start":{"line":21,"column":66},"end":{"line":21,"column":84}}],"line":21},"6":{"loc":{"start":{"line":28,"column":14},"end":{"line":28,"column":41}},"type":"default-arg","locations":[{"start":{"line":28,"column":24},"end":{"line":28,"column":41}}],"line":28},"7":{"loc":{"start":{"line":28,"column":43},"end":{"line":28,"column":64}},"type":"default-arg","locations":[{"start":{"line":28,"column":50},"end":{"line":28,"column":64}}],"line":28},"8":{"loc":{"start":{"line":34,"column":14},"end":{"line":34,"column":38}},"type":"default-arg","locations":[{"start":{"line":34,"column":24},"end":{"line":34,"column":38}}],"line":34},"9":{"loc":{"start":{"line":34,"column":40},"end":{"line":34,"column":58}},"type":"default-arg","locations":[{"start":{"line":34,"column":47},"end":{"line":34,"column":58}}],"line":34},"10":{"loc":{"start":{"line":40,"column":14},"end":{"line":40,"column":44}},"type":"default-arg","locations":[{"start":{"line":40,"column":24},"end":{"line":40,"column":44}}],"line":40},"11":{"loc":{"start":{"line":40,"column":46},"end":{"line":40,"column":63}},"type":"default-arg","locations":[{"start":{"line":40,"column":53},"end":{"line":40,"column":63}}],"line":40}},"s":{"0":37,"1":37,"2":37,"3":37,"4":37,"5":37,"6":6,"7":10,"8":10,"9":8,"10":9,"11":3,"12":9},"f":{"0":37,"1":6,"2":10,"3":8,"4":9,"5":3},"b":{"0":[37,0],"1":[2],"2":[2],"3":[1],"4":[1],"5":[2],"6":[2],"7":[2],"8":[1],"9":[1],"10":[0],"11":[1]},"_coverageSchema":"1a1c01bbd47fc00a2c39e90264f33305004495a9","hash":"b6199b685e24e776731c7bfc60c16d1ab8aef841"}
,"/home/ousmane/www/dgs-backend/src/utils/logger.js": {"path":"/home/ousmane/www/dgs-backend/src/utils/logger.js","statementMap":{"0":{"start":{"line":3,"column":45},"end":{"line":3,"column":63}},"1":{"start":{"line":4,"column":13},"end":{"line":4,"column":28}},"2":{"start":{"line":5,"column":15},"end":{"line":5,"column":35}},"3":{"start":{"line":7,"column":63},"end":{"line":7,"column":69}},"4":{"start":{"line":9,"column":18},"end":{"line":17,"column":1}},"5":{"start":{"line":14,"column":18},"end":{"line":14,"column":76}},"6":{"start":{"line":15,"column":4},"end":{"line":15,"column":88}},"7":{"start":{"line":19,"column":19},"end":{"line":23,"column":1}},"8":{"start":{"line":25,"column":22},"end":{"line":39,"column":1}},"9":{"start":{"line":41,"column":0},"end":{"line":43,"column":1}},"10":{"start":{"line":42,"column":2},"end":{"line":42,"column":68}},"11":{"start":{"line":45,"column":15},"end":{"line":56,"column":2}},"12":{"start":{"line":58,"column":0},"end":{"line":58,"column":24}}},"fnMap":{"0":{"name":"(anonymous_0)","decl":{"start":{"line":13,"column":9},"end":{"line":13,"column":10}},"loc":{"start":{"line":13,"column":62},"end":{"line":16,"column":3}},"line":13}},"branchMap":{"0":{"loc":{"start":{"line":14,"column":18},"end":{"line":14,"column":76}},"type":"cond-expr","locations":[{"start":{"line":14,"column":45},"end":{"line":14,"column":71}},{"start":{"line":14,"column":74},"end":{"line":14,"column":76}}],"line":14},"1":{"loc":{"start":{"line":15,"column":41},"end":{"line":15,"column":65}},"type":"binary-expr","locations":[{"start":{"line":15,"column":41},"end":{"line":15,"column":48}},{"start":{"line":15,"column":52},"end":{"line":15,"column":65}}],"line":15},"2":{"loc":{"start":{"line":41,"column":0},"end":{"line":43,"column":1}},"type":"if","locations":[{"start":{"line":41,"column":0},"end":{"line":43,"column":1}},{"start":{},"end":{}}],"line":41},"3":{"loc":{"start":{"line":48,"column":20},"end":{"line":48,"column":58}},"type":"cond-expr","locations":[{"start":{"line":48,"column":36},"end":{"line":48,"column":46}},{"start":{"line":48,"column":49},"end":{"line":48,"column":58}}],"line":48}},"s":{"0":9,"1":9,"2":9,"3":9,"4":9,"5":105,"6":105,"7":9,"8":9,"9":9,"10":9,"11":9,"12":9},"f":{"0":105},"b":{"0":[103,2],"1":[105,0],"2":[9,0],"3":[0,9]},"_coverageSchema":"1a1c01bbd47fc00a2c39e90264f33305004495a9","hash":"831495846846c296eff2d8493c128c90bb60df15"}
,"/home/ousmane/www/dgs-backend/src/utils/pagination.js": {"path":"/home/ousmane/www/dgs-backend/src/utils/pagination.js","statementMap":{"0":{"start":{"line":3,"column":22},"end":{"line":3,"column":24}},"1":{"start":{"line":4,"column":22},"end":{"line":4,"column":25}},"2":{"start":{"line":7,"column":17},"end":{"line":7,"column":60}},"3":{"start":{"line":8,"column":17},"end":{"line":8,"column":93}},"4":{"start":{"line":9,"column":17},"end":{"line":9,"column":65}},"5":{"start":{"line":10,"column":2},"end":{"line":10,"column":33}},"6":{"start":{"line":14,"column":26},"end":{"line":14,"column":32}},"7":{"start":{"line":15,"column":21},"end":{"line":15,"column":45}},"8":{"start":{"line":16,"column":2},"end":{"line":23,"column":4}},"9":{"start":{"line":27,"column":34},"end":{"line":27,"column":40}},"10":{"start":{"line":29,"column":2},"end":{"line":35,"column":3}},"11":{"start":{"line":30,"column":4},"end":{"line":34,"column":6}},"12":{"start":{"line":37,"column":2},"end":{"line":40,"column":4}},"13":{"start":{"line":44,"column":2},"end":{"line":44,"column":64}},"14":{"start":{"line":48,"column":2},"end":{"line":53,"column":3}},"15":{"start":{"line":49,"column":19},"end":{"line":49,"column":77}},"16":{"start":{"line":50,"column":4},"end":{"line":50,"column":22}},"17":{"start":{"line":52,"column":4},"end":{"line":52,"column":16}},"18":{"start":{"line":57,"column":2},"end":{"line":57,"column":33}},"19":{"start":{"line":57,"column":21},"end":{"line":57,"column":33}},"20":{"start":{"line":58,"column":2},"end":{"line":58,"column":50}},"21":{"start":{"line":61,"column":0},"end":{"line":61,"column":126}}},"fnMap":{"0":{"name":"parsePaginationParams","decl":{"start":{"line":6,"column":9},"end":{"line":6,"column":30}},"loc":{"start":{"line":6,"column":38},"end":{"line":11,"column":1}},"line":6},"1":{"name":"buildPaginationMeta","decl":{"start":{"line":13,"column":9},"end":{"line":13,"column":28}},"loc":{"start":{"line":13,"column":44},"end":{"line":24,"column":1}},"line":13},"2":{"name":"applyPagination","decl":{"start":{"line":26,"column":9},"end":{"line":26,"column":24}},"loc":{"start":{"line":26,"column":33},"end":{"line":41,"column":1}},"line":26},"3":{"name":"encodeCursor","decl":{"start":{"line":43,"column":9},"end":{"line":43,"column":21}},"loc":{"start":{"line":43,"column":26},"end":{"line":45,"column":1}},"line":43},"4":{"name":"decodeCursor","decl":{"start":{"line":47,"column":9},"end":{"line":47,"column":21}},"loc":{"start":{"line":47,"column":30},"end":{"line":54,"column":1}},"line":47},"5":{"name":"buildNextCursor","decl":{"start":{"line":56,"column":9},"end":{"line":56,"column":24}},"loc":{"start":{"line":56,"column":32},"end":{"line":59,"column":1}},"line":56}},"branchMap":{"0":{"loc":{"start":{"line":7,"column":29},"end":{"line":7,"column":59}},"type":"binary-expr","locations":[{"start":{"line":7,"column":29},"end":{"line":7,"column":54}},{"start":{"line":7,"column":58},"end":{"line":7,"column":59}}],"line":7},"1":{"loc":{"start":{"line":8,"column":49},"end":{"line":8,"column":91}},"type":"binary-expr","locations":[{"start":{"line":8,"column":49},"end":{"line":8,"column":74}},{"start":{"line":8,"column":78},"end":{"line":8,"column":91}}],"line":8},"2":{"loc":{"start":{"line":9,"column":17},"end":{"line":9,"column":65}},"type":"cond-expr","locations":[{"start":{"line":9,"column":32},"end":{"line":9,"column":58}},{"start":{"line":9,"column":61},"end":{"line":9,"column":65}}],"line":9},"3":{"loc":{"start":{"line":29,"column":2},"end":{"line":35,"column":3}},"type":"if","locations":[{"start":{"line":29,"column":2},"end":{"line":35,"column":3}},{"start":{},"end":{}}],"line":29},"4":{"loc":{"start":{"line":57,"column":2},"end":{"line":57,"column":33}},"type":"if","locations":[{"start":{"line":57,"column":2},"end":{"line":57,"column":33}},{"start":{},"end":{}}],"line":57}},"s":{"0":9,"1":9,"2":9,"3":9,"4":9,"5":9,"6":8,"7":8,"8":8,"9":7,"10":7,"11":1,"12":6,"13":6,"14":4,"15":4,"16":3,"17":1,"18":7,"19":3,"20":4,"21":9},"f":{"0":9,"1":8,"2":7,"3":6,"4":4,"5":7},"b":{"0":[9,7],"1":[9,7],"2":[0,9],"3":[1,6],"4":[3,4]},"_coverageSchema":"1a1c01bbd47fc00a2c39e90264f33305004495a9","hash":"597cc641ff2f693fcbdbafe1fb3f7964e6b74571"}
}
