TN:
SF:src/app.js
FN:143,(anonymous_0)
FN:161,(anonymous_1)
FNF:2
FNH:1
FNDA:0,(anonymous_0)
FNDA:1,(anonymous_1)
DA:3,8
DA:4,8
DA:5,8
DA:6,8
DA:7,8
DA:9,8
DA:10,8
DA:11,8
DA:12,8
DA:13,8
DA:14,8
DA:16,8
DA:17,8
DA:18,8
DA:19,8
DA:20,8
DA:21,8
DA:22,8
DA:23,8
DA:24,8
DA:26,8
DA:29,8
DA:30,8
DA:31,8
DA:34,8
DA:35,8
DA:38,8
DA:41,8
DA:44,8
DA:137,8
DA:138,0
DA:140,8
DA:143,8
DA:146,8
DA:147,8
DA:150,8
DA:151,8
DA:152,8
DA:153,8
DA:154,8
DA:155,8
DA:156,8
DA:157,8
DA:160,8
DA:161,8
DA:164,8
DA:166,8
LF:47
LH:46
BRDA:137,0,0,0
BRDA:137,0,1,8
BRF:2
BRH:1
end_of_record
TN:
SF:src/config/index.js
FN:7,validate
FN:10,(anonymous_1)
FNF:2
FNH:2
FNDA:9,validate
FNDA:18,(anonymous_1)
DA:3,9
DA:5,9
DA:8,9
DA:10,18
DA:11,9
DA:12,0
DA:13,0
DA:14,0
DA:15,0
DA:17,9
DA:18,0
DA:19,0
DA:20,0
DA:21,0
DA:25,9
DA:27,9
DA:73,9
LF:17
LH:9
BRDA:11,0,0,0
BRDA:11,0,1,9
BRDA:13,1,0,0
BRDA:13,1,1,0
BRDA:17,2,0,0
BRDA:17,2,1,9
BRDA:17,3,0,9
BRDA:17,3,1,0
BRDA:19,4,0,0
BRDA:19,4,1,0
BRDA:28,5,0,9
BRDA:28,5,1,0
BRDA:29,6,0,9
BRDA:29,6,1,0
BRDA:38,7,0,9
BRDA:38,7,1,9
BRDA:39,8,0,9
BRDA:39,8,1,9
BRDA:43,9,0,9
BRDA:43,9,1,9
BRDA:47,10,0,9
BRDA:47,10,1,9
BRDA:48,11,0,9
BRDA:48,11,1,0
BRDA:49,12,0,9
BRDA:49,12,1,0
BRDA:53,13,0,9
BRDA:53,13,1,9
BRDA:54,14,0,9
BRDA:54,14,1,9
BRDA:55,15,0,9
BRDA:55,15,1,9
BRDA:56,16,0,9
BRDA:56,16,1,9
BRDA:57,17,0,9
BRDA:57,17,1,9
BRDA:61,18,0,9
BRDA:61,18,1,9
BRDA:62,19,0,9
BRDA:62,19,1,9
BRDA:63,20,0,9
BRDA:63,20,1,9
BRDA:64,21,0,9
BRDA:64,21,1,9
BRDA:68,22,0,9
BRDA:68,22,1,0
BRDA:69,23,0,9
BRDA:69,23,1,9
BRF:48
BRH:36
end_of_record
TN:
SF:src/configuration/prismaClient.js
FNF:0
FNH:0
DA:1,9
DA:3,9
DA:5,9
LF:3
LH:3
BRF:0
BRH:0
end_of_record
TN:
SF:src/controleurs/adminControleur.js
FN:11,(anonymous_0)
FN:35,(anonymous_1)
FN:78,(anonymous_2)
FNF:3
FNH:3
FNDA:2,(anonymous_0)
FNDA:1,(anonymous_1)
FNDA:1,(anonymous_2)
DA:3,8
DA:4,8
DA:5,8
DA:6,8
DA:7,8
DA:8,8
DA:11,8
DA:12,2
DA:14,2
DA:15,2
DA:17,0
DA:20,2
DA:31,2
DA:35,8
DA:36,1
DA:44,1
DA:54,1
DA:55,1
DA:56,1
DA:57,1
DA:58,1
DA:59,0
DA:62,1
DA:74,0
DA:78,8
DA:79,1
DA:80,1
DA:81,1
DA:82,0
DA:85,8
LF:30
LH:26
BRDA:21,0,0,2
BRDA:21,0,1,0
BRDA:31,1,0,2
BRDA:31,1,1,0
BRDA:57,2,0,0
BRDA:57,2,1,1
BRF:6
BRH:3
end_of_record
TN:
SF:src/controleurs/authControleur.js
FN:30,(anonymous_0)
FN:68,(anonymous_1)
FNF:2
FNH:2
FNDA:6,(anonymous_0)
FNDA:3,(anonymous_1)
DA:3,8
DA:4,8
DA:5,8
DA:6,8
DA:7,8
DA:8,8
DA:30,8
DA:31,6
DA:32,6
DA:34,6
DA:35,6
DA:37,5
DA:39,5
DA:44,5
DA:46,5
DA:47,0
DA:68,8
DA:69,3
DA:70,3
DA:72,3
DA:73,3
DA:75,2
DA:76,2
DA:78,1
DA:84,1
DA:86,1
DA:93,0
DA:96,8
LF:28
LH:26
BRDA:35,0,0,1
BRDA:35,0,1,5
BRDA:73,1,0,1
BRDA:73,1,1,2
BRDA:76,2,0,1
BRDA:76,2,1,1
BRF:6
BRH:6
end_of_record
TN:
SF:src/controleurs/contenuControleur.js
FN:14,siteExists
FN:19,(anonymous_1)
FN:44,(anonymous_2)
FN:68,(anonymous_3)
FN:103,(anonymous_4)
FN:122,(anonymous_5)
FNF:6
FNH:5
FNDA:2,siteExists
FNDA:0,(anonymous_1)
FNDA:1,(anonymous_2)
FNDA:3,(anonymous_3)
FNDA:2,(anonymous_4)
FNDA:1,(anonymous_5)
DA:3,8
DA:4,8
DA:5,8
DA:8,8
DA:15,2
DA:19,8
DA:20,0
DA:21,0
DA:22,0
DA:24,0
DA:25,0
DA:27,0
DA:36,0
DA:37,0
DA:39,0
DA:40,0
DA:44,8
DA:45,1
DA:46,1
DA:47,1
DA:49,1
DA:51,1
DA:63,1
DA:64,0
DA:68,8
DA:69,3
DA:70,3
DA:71,3
DA:73,3
DA:74,3
DA:75,0
DA:77,3
DA:80,3
DA:81,3
DA:82,3
DA:83,1
DA:91,2
DA:92,2
DA:93,2
DA:94,0
DA:97,2
DA:98,2
DA:99,0
DA:103,8
DA:104,2
DA:105,2
DA:106,2
DA:108,2
DA:109,2
DA:110,0
DA:112,2
DA:113,1
DA:116,1
DA:117,1
DA:118,0
DA:122,8
DA:123,1
DA:124,1
DA:125,1
DA:127,1
DA:132,1
DA:133,1
DA:134,3
DA:135,3
DA:136,3
DA:139,1
DA:140,0
DA:143,8
LF:68
LH:51
BRDA:22,0,0,0
BRDA:22,0,1,0
BRDA:47,1,0,0
BRDA:47,1,1,1
BRDA:55,2,0,1
BRDA:55,2,1,0
BRDA:56,3,0,0
BRDA:56,3,1,1
BRDA:57,4,0,1
BRDA:57,4,1,1
BRDA:58,5,0,1
BRDA:58,5,1,1
BRDA:59,6,0,1
BRDA:59,6,1,1
BRDA:74,7,0,0
BRDA:74,7,1,3
BRDA:74,8,0,3
BRDA:74,8,1,3
BRDA:80,9,0,3
BRDA:80,9,1,0
BRDA:80,10,0,3
BRDA:80,10,1,3
BRDA:81,11,0,3
BRDA:81,11,1,0
BRDA:82,12,0,1
BRDA:82,12,1,2
BRDA:85,13,0,1
BRDA:85,13,1,0
BRDA:92,14,0,2
BRDA:92,14,1,0
BRDA:93,15,0,0
BRDA:93,15,1,2
BRDA:94,16,0,0
BRDA:94,16,1,0
BRDA:109,17,0,0
BRDA:109,17,1,2
BRDA:109,18,0,2
BRDA:109,18,1,2
BRDA:112,19,0,1
BRDA:112,19,1,1
BRDA:125,20,0,0
BRDA:125,20,1,1
BRDA:135,21,0,2
BRDA:135,21,1,1
BRF:44
BRH:29
end_of_record
TN:
SF:src/controleurs/dashboardControleur.js
FN:6,calcSanteGlobale
FN:16,(anonymous_1)
FN:51,(anonymous_2)
FN:58,(anonymous_3)
FN:63,(anonymous_4)
FN:66,(anonymous_5)
FN:69,(anonymous_6)
FN:73,(anonymous_7)
FN:74,(anonymous_8)
FN:76,(anonymous_9)
FN:89,(anonymous_10)
FN:93,(anonymous_11)
FN:103,(anonymous_12)
FN:129,(anonymous_13)
FN:149,(anonymous_14)
FN:152,(anonymous_15)
FN:157,(anonymous_16)
FN:171,(anonymous_17)
FNF:18
FNH:13
FNDA:3,calcSanteGlobale
FNDA:3,(anonymous_1)
FNDA:2,(anonymous_2)
FNDA:2,(anonymous_3)
FNDA:2,(anonymous_4)
FNDA:2,(anonymous_5)
FNDA:0,(anonymous_6)
FNDA:2,(anonymous_7)
FNDA:0,(anonymous_8)
FNDA:0,(anonymous_9)
FNDA:0,(anonymous_10)
FNDA:2,(anonymous_11)
FNDA:2,(anonymous_12)
FNDA:1,(anonymous_13)
FNDA:1,(anonymous_14)
FNDA:1,(anonymous_15)
FNDA:1,(anonymous_16)
FNDA:0,(anonymous_17)
DA:3,8
DA:4,8
DA:7,3
DA:8,3
DA:16,8
DA:17,3
DA:18,3
DA:20,3
DA:21,3
DA:23,2
DA:46,2
DA:47,2
DA:50,2
DA:51,2
DA:52,2
DA:53,2
DA:55,2
DA:58,2
DA:59,2
DA:62,2
DA:63,2
DA:65,2
DA:66,2
DA:68,2
DA:69,2
DA:72,2
DA:73,2
DA:74,0
DA:77,0
DA:78,0
DA:79,0
DA:80,0
DA:81,0
DA:83,0
DA:87,2
DA:88,2
DA:89,0
DA:93,2
DA:95,2
DA:103,2
DA:124,0
DA:129,8
DA:130,1
DA:131,1
DA:149,1
DA:150,1
DA:151,1
DA:152,1
DA:153,1
DA:154,1
DA:156,1
DA:157,1
DA:158,1
DA:159,1
DA:161,1
DA:171,1
DA:173,1
DA:175,0
DA:179,8
LF:59
LH:49
BRDA:10,0,0,0
BRDA:10,0,1,3
BRDA:10,1,0,3
BRDA:10,1,1,0
BRDA:21,2,0,1
BRDA:21,2,1,2
BRDA:46,3,0,2
BRDA:46,3,1,0
BRDA:47,4,0,2
BRDA:47,4,1,0
BRDA:53,5,0,2
BRDA:53,5,1,2
BRDA:53,5,2,0
BRDA:55,6,0,2
BRDA:55,6,1,0
BRDA:74,7,0,0
BRDA:74,7,1,0
BRDA:74,8,0,0
BRDA:74,8,1,0
BRDA:80,9,0,0
BRDA:80,9,1,0
BRDA:80,10,0,0
BRDA:80,10,1,0
BRDA:81,11,0,0
BRDA:81,11,1,0
BRDA:81,12,0,0
BRDA:81,12,1,0
BRDA:89,13,0,0
BRDA:89,13,1,0
BRDA:101,14,0,2
BRDA:101,14,1,0
BRDA:102,15,0,2
BRDA:102,15,1,0
BRDA:150,16,0,1
BRDA:150,16,1,0
BRDA:154,17,0,1
BRDA:154,17,1,0
BRDA:156,18,0,1
BRDA:156,18,1,0
BRF:39
BRH:14
end_of_record
TN:
SF:src/controleurs/motCleControleur.js
FN:10,sortKeywords
FN:11,(anonymous_1)
FN:18,resolveSiteWithOwnership
FN:26,(anonymous_3)
FN:60,(anonymous_4)
FN:79,(anonymous_5)
FN:101,(anonymous_6)
FN:116,(anonymous_7)
FN:129,(anonymous_8)
FN:132,(anonymous_9)
FNF:10
FNH:7
FNDA:1,sortKeywords
FNDA:0,(anonymous_1)
FNDA:0,resolveSiteWithOwnership
FNDA:1,(anonymous_3)
FNDA:1,(anonymous_4)
FNDA:1,(anonymous_5)
FNDA:0,(anonymous_6)
FNDA:1,(anonymous_7)
FNDA:2,(anonymous_8)
FNDA:1,(anonymous_9)
DA:3,8
DA:4,8
DA:5,8
DA:7,8
DA:8,8
DA:11,1
DA:12,0
DA:13,0
DA:14,0
DA:19,0
DA:20,0
DA:21,0
DA:22,0
DA:26,8
DA:27,1
DA:28,1
DA:29,1
DA:30,1
DA:32,1
DA:33,1
DA:35,1
DA:36,0
DA:37,0
DA:38,0
DA:40,1
DA:41,1
DA:43,1
DA:44,1
DA:46,1
DA:51,1
DA:52,1
DA:53,1
DA:55,1
DA:56,0
DA:60,8
DA:61,1
DA:62,1
DA:63,1
DA:65,1
DA:66,1
DA:67,1
DA:68,0
DA:70,1
DA:74,1
DA:75,0
DA:79,8
DA:80,1
DA:81,1
DA:82,1
DA:84,1
DA:85,1
DA:86,0
DA:88,1
DA:89,1
DA:90,1
DA:91,1
DA:92,1
DA:93,1
DA:95,1
DA:96,1
DA:97,0
DA:101,8
DA:102,0
DA:103,0
DA:104,0
DA:106,0
DA:107,0
DA:108,0
DA:110,0
DA:111,0
DA:112,0
DA:116,8
DA:117,1
DA:118,1
DA:119,1
DA:120,1
DA:122,1
DA:128,1
DA:129,2
DA:131,1
DA:132,1
DA:134,1
DA:138,0
DA:141,8
LF:84
LH:59
BRDA:13,0,0,0
BRDA:13,0,1,0
BRDA:14,1,0,0
BRDA:14,1,1,0
BRDA:14,2,0,0
BRDA:14,2,1,0
BRDA:20,3,0,0
BRDA:20,3,1,0
BRDA:21,4,0,0
BRDA:21,4,1,0
BRDA:21,5,0,0
BRDA:21,5,1,0
BRDA:30,6,0,0
BRDA:30,6,1,1
BRDA:35,7,0,0
BRDA:35,7,1,1
BRDA:36,8,0,0
BRDA:36,8,1,0
BRDA:40,9,0,0
BRDA:40,9,1,1
BRDA:41,10,0,0
BRDA:41,10,1,1
BRDA:63,11,0,0
BRDA:66,12,0,0
BRDA:66,12,1,1
BRDA:67,13,0,0
BRDA:67,13,1,1
BRDA:67,14,0,1
BRDA:67,14,1,0
BRDA:71,15,0,1
BRDA:71,15,1,1
BRDA:71,16,0,1
BRDA:71,16,1,0
BRDA:85,17,0,0
BRDA:85,17,1,1
BRDA:85,18,0,1
BRDA:85,18,1,1
BRDA:90,19,0,1
BRDA:90,19,1,0
BRDA:91,20,0,0
BRDA:91,20,1,1
BRDA:92,21,0,0
BRDA:92,21,1,1
BRDA:93,22,0,1
BRDA:93,22,1,0
BRDA:107,23,0,0
BRDA:107,23,1,0
BRDA:107,24,0,0
BRDA:107,24,1,0
BRDA:120,25,0,0
BRDA:120,25,1,1
BRDA:132,26,0,0
BRDA:132,26,1,1
BRDA:136,27,0,1
BRDA:136,27,1,1
BRF:55
BRH:21
end_of_record
TN:
SF:src/controleurs/projetControleur.js
FN:6,(anonymous_0)
FN:19,(anonymous_1)
FNF:2
FNH:0
FNDA:0,(anonymous_0)
FNDA:0,(anonymous_1)
DA:3,8
DA:4,8
DA:6,8
DA:7,0
DA:8,0
DA:9,0
DA:11,0
DA:15,0
DA:16,0
DA:19,8
DA:20,0
DA:21,0
DA:25,0
DA:26,0
DA:29,8
LF:15
LH:5
BRDA:9,0,0,0
BRDA:9,0,1,0
BRF:2
BRH:0
end_of_record
TN:
SF:src/controleurs/recoControleur.js
FN:13,sortRecos
FN:14,(anonymous_1)
FN:22,(anonymous_2)
FN:60,(anonymous_3)
FN:76,(anonymous_4)
FN:88,(anonymous_5)
FN:105,(anonymous_6)
FN:106,(anonymous_7)
FN:107,(anonymous_8)
FNF:9
FNH:7
FNDA:2,sortRecos
FNDA:0,(anonymous_1)
FNDA:2,(anonymous_2)
FNDA:1,(anonymous_3)
FNDA:0,(anonymous_4)
FNDA:1,(anonymous_5)
FNDA:1,(anonymous_6)
FNDA:1,(anonymous_7)
FNDA:1,(anonymous_8)
DA:3,8
DA:4,8
DA:5,8
DA:6,8
DA:8,8
DA:9,8
DA:10,8
DA:11,8
DA:14,2
DA:15,0
DA:16,0
DA:17,0
DA:22,8
DA:23,2
DA:24,2
DA:25,2
DA:26,2
DA:28,2
DA:29,2
DA:30,2
DA:31,0
DA:32,0
DA:34,2
DA:35,1
DA:36,1
DA:38,2
DA:39,0
DA:40,0
DA:43,2
DA:44,2
DA:46,2
DA:51,2
DA:52,2
DA:53,2
DA:55,2
DA:56,0
DA:60,8
DA:61,1
DA:62,1
DA:63,1
DA:64,1
DA:66,1
DA:67,1
DA:68,0
DA:70,1
DA:71,1
DA:72,0
DA:76,8
DA:77,0
DA:78,0
DA:79,0
DA:80,0
DA:82,0
DA:83,0
DA:84,0
DA:88,8
DA:89,1
DA:90,1
DA:91,1
DA:92,1
DA:94,1
DA:101,1
DA:102,1
DA:103,1
DA:105,1
DA:106,1
DA:107,1
DA:109,1
DA:110,0
DA:113,8
LF:70
LH:52
BRDA:16,0,0,0
BRDA:16,0,1,0
BRDA:26,1,0,0
BRDA:26,1,1,2
BRDA:30,2,0,0
BRDA:30,2,1,2
BRDA:31,3,0,0
BRDA:31,3,1,0
BRDA:34,4,0,1
BRDA:34,4,1,1
BRDA:35,5,0,0
BRDA:35,5,1,1
BRDA:38,6,0,0
BRDA:38,6,1,2
BRDA:39,7,0,0
BRDA:39,7,1,0
BRDA:67,8,0,0
BRDA:67,8,1,1
BRDA:67,9,0,1
BRDA:67,9,1,1
BRDA:80,10,0,0
BRDA:80,10,1,0
BRDA:92,11,0,0
BRDA:92,11,1,1
BRF:24
BRH:10
end_of_record
TN:
SF:src/controleurs/siteControleur.js
FN:10,(anonymous_0)
FN:32,(anonymous_1)
FN:45,(anonymous_2)
FN:62,(anonymous_3)
FN:78,(anonymous_4)
FN:91,(anonymous_5)
FN:109,(anonymous_6)
FNF:7
FNH:6
FNDA:1,(anonymous_0)
FNDA:2,(anonymous_1)
FNDA:3,(anonymous_2)
FNDA:0,(anonymous_3)
FNDA:1,(anonymous_4)
FNDA:2,(anonymous_5)
FNDA:1,(anonymous_6)
DA:3,8
DA:4,8
DA:5,8
DA:6,8
DA:7,8
DA:10,8
DA:11,1
DA:12,1
DA:13,1
DA:15,1
DA:24,1
DA:25,1
DA:27,1
DA:28,0
DA:32,8
DA:33,2
DA:34,2
DA:35,2
DA:39,2
DA:40,1
DA:41,0
DA:45,8
DA:46,3
DA:47,3
DA:49,3
DA:50,3
DA:52,3
DA:53,3
DA:55,2
DA:56,2
DA:57,2
DA:58,0
DA:62,8
DA:63,0
DA:64,0
DA:65,0
DA:66,0
DA:68,0
DA:69,0
DA:73,0
DA:74,0
DA:78,8
DA:79,1
DA:80,1
DA:81,1
DA:82,1
DA:84,1
DA:85,1
DA:86,1
DA:87,0
DA:91,8
DA:92,2
DA:93,2
DA:94,2
DA:95,2
DA:97,1
DA:101,1
DA:102,1
DA:104,1
DA:105,0
DA:109,8
DA:110,1
DA:111,1
DA:112,1
DA:113,1
DA:115,1
DA:116,1
DA:118,1
DA:123,1
DA:124,1
DA:126,1
DA:127,0
DA:130,8
LF:73
LH:59
BRDA:39,0,0,1
BRDA:39,0,1,1
BRDA:50,1,0,0
BRDA:50,1,1,3
BRDA:53,2,0,1
BRDA:53,2,1,2
BRDA:66,3,0,0
BRDA:66,3,1,0
BRDA:71,4,0,0
BRDA:71,4,1,0
BRDA:71,5,0,0
BRDA:71,5,1,0
BRDA:82,6,0,0
BRDA:82,6,1,1
BRDA:95,7,0,1
BRDA:95,7,1,1
BRDA:113,8,0,0
BRDA:113,8,1,1
BRF:18
BRH:9
end_of_record
TN:
SF:src/jobs/purgeCron.js
FN:9,purgeOldData
FN:34,startPurgeCron
FN:35,(anonymous_2)
FN:36,(anonymous_3)
FNF:4
FNH:1
FNDA:1,purgeOldData
FNDA:0,startPurgeCron
FNDA:0,(anonymous_2)
FNDA:0,(anonymous_3)
DA:3,8
DA:4,8
DA:5,8
DA:7,8
DA:10,1
DA:11,1
DA:13,1
DA:15,1
DA:16,1
DA:21,1
DA:26,1
DA:27,1
DA:29,0
DA:30,0
DA:35,0
DA:36,0
DA:37,0
DA:41,0
DA:44,8
LF:19
LH:13
BRF:0
BRH:0
end_of_record
TN:
SF:src/middlewares/auth.js
FN:7,auth
FNF:1
FNH:1
FNDA:48,auth
DA:3,8
DA:4,8
DA:5,8
DA:7,8
DA:8,48
DA:10,48
DA:11,4
DA:14,44
DA:16,44
DA:17,44
DA:18,44
DA:20,0
LF:12
LH:11
BRDA:10,0,0,4
BRDA:10,0,1,44
BRDA:10,1,0,48
BRDA:10,1,1,44
BRF:4
BRH:4
end_of_record
TN:
SF:src/middlewares/errorHandler.js
FN:7,prismaErrorToAppError
FN:20,errorHandler
FNF:2
FNH:1
FNDA:0,prismaErrorToAppError
FNDA:28,errorHandler
DA:3,8
DA:4,8
DA:5,8
DA:8,0
DA:9,0
DA:11,0
DA:12,0
DA:13,0
DA:14,0
DA:15,0
DA:20,8
DA:21,28
DA:24,28
DA:25,0
DA:26,0
DA:30,28
DA:31,0
DA:32,0
DA:34,28
DA:35,28
DA:38,28
DA:46,28
DA:47,8
DA:50,28
DA:51,28
DA:54,28
LF:26
LH:15
BRDA:9,0,0,0
BRDA:9,0,1,0
BRDA:11,1,0,0
BRDA:11,1,1,0
BRDA:11,1,2,0
BRDA:11,1,3,0
BRDA:12,2,0,0
BRDA:12,2,1,0
BRDA:24,3,0,0
BRDA:24,3,1,28
BRDA:24,4,0,28
BRDA:24,4,1,28
BRDA:26,5,0,0
BRDA:26,5,1,0
BRDA:30,6,0,0
BRDA:30,6,1,28
BRDA:34,7,0,0
BRDA:34,7,1,28
BRDA:46,8,0,8
BRDA:46,8,1,20
BRDA:46,9,0,28
BRDA:46,9,1,8
BRDA:50,10,0,28
BRDA:50,10,1,0
BRDA:50,11,0,28
BRDA:50,11,1,28
BRF:26
BRH:12
end_of_record
TN:
SF:src/middlewares/rateLimit.js
FN:8,(anonymous_0)
FN:42,(anonymous_1)
FNF:2
FNH:1
FNDA:0,(anonymous_0)
FNDA:2,(anonymous_1)
DA:3,8
DA:4,8
DA:6,8
DA:8,8
DA:9,0
DA:18,8
DA:20,8
DA:28,8
DA:36,8
DA:42,2
DA:45,8
LF:11
LH:10
BRDA:22,0,0,8
BRDA:22,0,1,0
BRDA:30,1,0,8
BRDA:30,1,1,0
BRDA:38,2,0,8
BRDA:38,2,1,0
BRDA:42,3,0,2
BRDA:42,3,1,0
BRF:8
BRH:4
end_of_record
TN:
SF:src/middlewares/requestLogger.js
FN:5,requestLogger
FN:8,(anonymous_1)
FNF:2
FNH:2
FNDA:62,requestLogger
FNDA:62,(anonymous_1)
DA:3,8
DA:5,8
DA:6,62
DA:8,62
DA:9,62
DA:10,62
DA:11,62
DA:20,62
LF:8
LH:8
BRDA:10,0,0,0
BRDA:10,0,1,62
BRDA:10,1,0,28
BRDA:10,1,1,34
BRDA:16,2,0,62
BRDA:16,2,1,0
BRF:6
BRH:4
end_of_record
TN:
SF:src/middlewares/roles.js
FN:5,roles
FN:6,(anonymous_1)
FNF:2
FNH:2
FNDA:104,roles
FNDA:23,(anonymous_1)
DA:3,8
DA:5,8
DA:6,104
DA:7,23
DA:8,23
DA:9,7
DA:11,16
LF:7
LH:7
BRDA:7,0,0,0
BRDA:7,0,1,23
BRDA:8,1,0,7
BRDA:8,1,1,16
BRF:4
BRH:3
end_of_record
TN:
SF:src/middlewares/validate.js
FN:6,validate
FN:7,(anonymous_1)
FN:11,(anonymous_2)
FNF:3
FNH:3
FNDA:72,validate
FNDA:26,(anonymous_1)
FNDA:7,(anonymous_2)
DA:3,8
DA:4,8
DA:6,8
DA:7,72
DA:8,26
DA:10,26
DA:11,7
DA:15,7
DA:18,19
DA:19,19
LF:10
LH:10
BRDA:10,0,0,7
BRDA:10,0,1,19
BRDA:11,1,0,7
BRDA:11,1,1,0
BRDA:12,2,0,7
BRDA:12,2,1,0
BRF:6
BRH:4
end_of_record
TN:
SF:src/routes/adminRoutes.js
FNF:0
FNH:0
DA:3,8
DA:4,8
DA:5,8
DA:6,8
DA:7,8
DA:30,8
DA:46,8
DA:48,8
LF:8
LH:8
BRF:0
BRH:0
end_of_record
TN:
SF:src/routes/authRoutes.js
FN:73,(anonymous_0)
FNF:1
FNH:1
FNDA:1,(anonymous_0)
DA:3,8
DA:4,8
DA:5,8
DA:6,8
DA:7,8
DA:8,8
DA:37,8
DA:57,8
DA:73,8
DA:75,8
LF:10
LH:10
BRF:0
BRH:0
end_of_record
TN:
SF:src/routes/contenuRoutes.js
FNF:0
FNH:0
DA:3,8
DA:4,8
DA:5,8
DA:6,8
DA:7,8
DA:8,8
DA:9,8
DA:35,8
DA:51,8
DA:52,8
DA:53,8
DA:54,8
DA:56,8
LF:13
LH:13
BRF:0
BRH:0
end_of_record
TN:
SF:src/routes/dashboardRoutes.js
FNF:0
FNH:0
DA:3,8
DA:4,8
DA:5,8
DA:6,8
DA:7,8
DA:35,8
DA:51,8
DA:53,8
LF:8
LH:8
BRF:0
BRH:0
end_of_record
TN:
SF:src/routes/motCleRoutes.js
FN:22,(anonymous_0)
FNF:1
FNH:0
FNDA:0,(anonymous_0)
DA:3,8
DA:4,8
DA:5,8
DA:6,8
DA:7,8
DA:8,8
DA:9,8
DA:10,8
DA:11,8
DA:21,8
DA:22,8
DA:23,0
DA:24,0
DA:25,0
DA:26,0
DA:27,0
DA:30,8
DA:31,8
DA:32,8
DA:33,8
DA:35,8
LF:21
LH:16
BRF:0
BRH:0
end_of_record
TN:
SF:src/routes/projetRoutes.js
FNF:0
FNH:0
DA:3,8
DA:4,8
DA:5,8
DA:6,8
DA:8,8
DA:9,8
DA:11,8
LF:7
LH:7
BRF:0
BRH:0
end_of_record
TN:
SF:src/routes/recoRoutes.js
FNF:0
FNH:0
DA:3,8
DA:4,8
DA:5,8
DA:6,8
DA:7,8
DA:8,8
DA:9,8
DA:18,8
DA:19,8
DA:20,8
DA:21,8
DA:23,8
LF:12
LH:12
BRF:0
BRH:0
end_of_record
TN:
SF:src/routes/siteRoutes.js
FNF:0
FNH:0
DA:3,8
DA:4,8
DA:5,8
DA:6,8
DA:7,8
DA:8,8
DA:9,8
DA:13,8
DA:41,8
DA:62,8
DA:86,8
DA:88,8
DA:89,8
DA:110,8
DA:111,8
DA:113,8
LF:16
LH:16
BRF:0
BRH:0
end_of_record
TN:
SF:src/schemas/authSchemas.js
FNF:0
FNH:0
DA:3,8
DA:5,8
DA:16,8
DA:23,8
LF:4
LH:4
BRF:0
BRH:0
end_of_record
TN:
SF:src/schemas/contenuSchemas.js
FN:11,(anonymous_0)
FN:20,(anonymous_1)
FNF:2
FNH:0
FNDA:0,(anonymous_0)
FNDA:0,(anonymous_1)
DA:3,8
DA:5,8
DA:7,8
DA:11,0
DA:18,8
DA:20,0
DA:26,8
LF:7
LH:5
BRF:0
BRH:0
end_of_record
TN:
SF:src/schemas/keywordSchemas.js
FN:13,(anonymous_0)
FN:20,(anonymous_1)
FNF:2
FNH:0
FNDA:0,(anonymous_0)
FNDA:0,(anonymous_1)
DA:3,8
DA:5,8
DA:7,8
DA:13,0
DA:16,8
DA:20,0
DA:23,8
LF:7
LH:5
BRF:0
BRH:0
end_of_record
TN:
SF:src/schemas/recoSchemas.js
FN:8,(anonymous_0)
FNF:1
FNH:0
FNDA:0,(anonymous_0)
DA:3,8
DA:5,8
DA:7,8
DA:8,0
DA:11,8
LF:5
LH:4
BRF:0
BRH:0
end_of_record
TN:
SF:src/schemas/siteSchemas.js
FN:19,(anonymous_0)
FNF:1
FNH:0
FNDA:0,(anonymous_0)
DA:3,8
DA:5,8
DA:16,8
DA:19,0
DA:23,8
LF:5
LH:4
BRDA:19,0,0,0
BRDA:19,0,1,0
BRF:2
BRH:0
end_of_record
TN:
SF:src/services/auditRunner.js
FN:54,log
FN:69,calculateSeoScore
FN:81,(anonymous_2)
FN:82,(anonymous_3)
FN:83,(anonymous_4)
FN:108,(anonymous_5)
FN:110,(anonymous_6)
FN:165,(anonymous_7)
FN:166,(anonymous_8)
FN:193,runPythonAudit
FN:194,(anonymous_10)
FN:208,(anonymous_11)
FN:215,(anonymous_12)
FN:216,(anonymous_13)
FN:218,(anonymous_14)
FN:235,(anonymous_15)
FN:250,runAudit
FN:265,(anonymous_17)
FN:282,(anonymous_18)
FN:293,(anonymous_19)
FN:295,(anonymous_20)
FN:299,(anonymous_21)
FN:300,(anonymous_22)
FN:301,(anonymous_23)
FN:321,(anonymous_24)
FNF:25
FNH:12
FNDA:3,log
FNDA:8,calculateSeoScore
FNDA:97,(anonymous_2)
FNDA:97,(anonymous_3)
FNDA:97,(anonymous_4)
FNDA:97,(anonymous_5)
FNDA:97,(anonymous_6)
FNDA:69,(anonymous_7)
FNDA:97,(anonymous_8)
FNDA:1,runPythonAudit
FNDA:1,(anonymous_10)
FNDA:0,(anonymous_11)
FNDA:0,(anonymous_12)
FNDA:0,(anonymous_13)
FNDA:0,(anonymous_14)
FNDA:0,(anonymous_15)
FNDA:1,runAudit
FNDA:0,(anonymous_17)
FNDA:0,(anonymous_18)
FNDA:0,(anonymous_19)
FNDA:0,(anonymous_20)
FNDA:0,(anonymous_21)
FNDA:0,(anonymous_22)
FNDA:0,(anonymous_23)
FNDA:0,(anonymous_24)
DA:3,9
DA:4,9
DA:5,9
DA:6,9
DA:7,9
DA:8,9
DA:10,9
DA:11,9
DA:12,9
DA:13,9
DA:14,9
DA:15,9
DA:19,9
DA:55,3
DA:70,8
DA:71,8
DA:73,8
DA:74,1
DA:77,7
DA:78,7
DA:81,97
DA:82,97
DA:83,97
DA:85,7
DA:86,7
DA:87,7
DA:89,7
DA:91,7
DA:96,7
DA:101,7
DA:108,97
DA:109,7
DA:110,97
DA:113,7
DA:114,7
DA:115,2
DA:116,5
DA:117,0
DA:119,7
DA:120,7
DA:128,7
DA:129,7
DA:133,7
DA:134,7
DA:141,7
DA:142,7
DA:144,7
DA:145,1
DA:146,6
DA:147,0
DA:150,7
DA:151,0
DA:152,7
DA:153,0
DA:156,7
DA:157,7
DA:158,7
DA:165,69
DA:166,97
DA:167,7
DA:169,7
DA:170,5
DA:171,5
DA:173,7
DA:174,7
DA:175,7
DA:177,7
DA:180,7
DA:194,1
DA:195,1
DA:203,1
DA:204,1
DA:205,1
DA:208,1
DA:209,0
DA:210,0
DA:215,1
DA:216,1
DA:218,1
DA:219,0
DA:220,0
DA:221,0
DA:225,0
DA:226,0
DA:228,0
DA:229,0
DA:231,0
DA:235,1
DA:251,1
DA:252,1
DA:255,1
DA:257,1
DA:258,1
DA:259,1
DA:260,1
DA:261,0
DA:262,0
DA:265,0
DA:266,0
DA:267,0
DA:269,0
DA:271,0
DA:272,0
DA:274,0
DA:275,0
DA:282,0
DA:283,0
DA:289,0
DA:290,0
DA:293,0
DA:294,0
DA:295,0
DA:298,0
DA:299,0
DA:300,0
DA:301,0
DA:305,0
DA:321,0
DA:323,0
DA:326,0
DA:327,0
DA:331,0
DA:332,0
DA:334,0
DA:338,9
LF:125
LH:82
BRDA:54,0,0,3
BRDA:73,1,0,1
BRDA:73,1,1,7
BRDA:108,2,0,97
BRDA:108,2,1,97
BRDA:109,3,0,7
BRDA:109,3,1,0
BRDA:114,4,0,2
BRDA:114,4,1,5
BRDA:116,5,0,0
BRDA:116,5,1,5
BRDA:122,6,0,2
BRDA:122,6,1,5
BRDA:123,7,0,0
BRDA:123,7,1,5
BRDA:144,8,0,1
BRDA:144,8,1,6
BRDA:146,9,0,0
BRDA:146,9,1,6
BRDA:150,10,0,0
BRDA:150,10,1,7
BRDA:152,11,0,0
BRDA:152,11,1,7
BRDA:169,12,0,5
BRDA:169,12,1,2
BRDA:173,13,0,7
BRDA:173,13,1,0
BRDA:220,14,0,0
BRDA:220,14,1,0
BRDA:222,15,0,0
BRDA:222,15,1,0
BRDA:228,16,0,0
BRDA:228,16,1,0
BRDA:265,17,0,0
BRDA:265,17,1,0
BRDA:266,18,0,0
BRDA:266,18,1,0
BRDA:266,19,0,0
BRDA:266,19,1,0
BRDA:272,20,0,0
BRDA:272,20,1,0
BRDA:293,21,0,0
BRDA:293,21,1,0
BRDA:294,22,0,0
BRDA:294,22,1,0
BRF:45
BRH:20
end_of_record
TN:
SF:src/services/recoService.js
FN:7,reglesAudit
FN:88,reglesMots
FN:135,generateRecommandations
FN:143,(anonymous_3)
FN:157,(anonymous_4)
FN:164,(anonymous_5)
FN:166,(anonymous_6)
FNF:7
FNH:7
FNDA:5,reglesAudit
FNDA:5,reglesMots
FNDA:5,generateRecommandations
FNDA:4,(anonymous_3)
FNDA:2,(anonymous_4)
FNDA:1,(anonymous_5)
FNDA:6,(anonymous_6)
DA:3,10
DA:8,5
DA:9,5
DA:12,4
DA:13,4
DA:15,0
DA:19,4
DA:20,2
DA:21,2
DA:30,4
DA:31,1
DA:32,1
DA:33,1
DA:34,1
DA:43,4
DA:44,0
DA:53,4
DA:54,0
DA:55,0
DA:56,0
DA:62,0
DA:63,0
DA:73,4
DA:74,1
DA:75,1
DA:83,4
DA:89,5
DA:91,5
DA:92,1
DA:93,1
DA:96,1
DA:101,1
DA:110,1
DA:111,0
DA:120,1
DA:121,1
DA:130,5
DA:137,5
DA:143,5
DA:146,5
DA:157,5
DA:160,5
DA:164,5
DA:166,6
DA:167,5
DA:170,5
DA:171,4
DA:175,5
DA:183,5
DA:186,10
LF:50
LH:42
BRDA:9,0,0,1
BRDA:9,0,1,4
BRDA:19,1,0,2
BRDA:19,1,1,2
BRDA:30,2,0,1
BRDA:30,2,1,3
BRDA:33,3,0,1
BRDA:33,3,1,0
BRDA:37,4,0,1
BRDA:37,4,1,0
BRDA:43,5,0,0
BRDA:43,5,1,4
BRDA:53,6,0,0
BRDA:53,6,1,4
BRDA:55,7,0,0
BRDA:55,7,1,0
BRDA:55,8,0,0
BRDA:55,8,1,0
BRDA:62,9,0,0
BRDA:62,9,1,0
BRDA:62,10,0,0
BRDA:62,10,1,0
BRDA:73,11,0,1
BRDA:73,11,1,3
BRDA:78,12,0,1
BRDA:78,12,1,0
BRDA:92,13,0,1
BRDA:92,13,1,1
BRDA:93,14,0,1
BRDA:93,14,1,1
BRDA:96,15,0,1
BRDA:96,15,1,0
BRDA:97,16,0,1
BRDA:97,16,1,1
BRDA:97,16,2,1
BRDA:97,16,3,0
BRDA:97,17,0,1
BRDA:97,17,1,0
BRDA:105,18,0,1
BRDA:105,18,1,1
BRDA:110,19,0,0
BRDA:110,19,1,1
BRDA:110,20,0,1
BRDA:110,20,1,0
BRDA:110,20,2,0
BRDA:120,21,0,1
BRDA:120,21,1,0
BRDA:120,22,0,1
BRDA:120,22,1,1
BRDA:170,23,0,4
BRDA:170,23,1,1
BRDA:175,24,0,4
BRDA:175,24,1,1
BRF:53
BRH:33
end_of_record
TN:
SF:src/utils/errors.js
FN:4,(anonymous_0)
FN:15,(anonymous_1)
FN:21,(anonymous_2)
FN:28,(anonymous_3)
FN:34,(anonymous_4)
FN:40,(anonymous_5)
FNF:6
FNH:6
FNDA:37,(anonymous_0)
FNDA:6,(anonymous_1)
FNDA:10,(anonymous_2)
FNDA:8,(anonymous_3)
FNDA:9,(anonymous_4)
FNDA:3,(anonymous_5)
DA:5,37
DA:6,37
DA:7,37
DA:8,37
DA:9,37
DA:10,37
DA:16,6
DA:22,10
DA:23,10
DA:29,8
DA:35,9
DA:41,3
DA:45,9
LF:13
LH:13
BRDA:8,0,0,37
BRDA:8,0,1,0
BRDA:15,1,0,2
BRDA:15,2,0,2
BRDA:21,3,0,1
BRDA:21,4,0,1
BRDA:21,5,0,2
BRDA:28,6,0,2
BRDA:28,7,0,2
BRDA:34,8,0,1
BRDA:34,9,0,1
BRDA:40,10,0,0
BRDA:40,11,0,1
BRF:13
BRH:11
end_of_record
TN:
SF:src/utils/logger.js
FN:13,(anonymous_0)
FNF:1
FNH:1
FNDA:105,(anonymous_0)
DA:3,9
DA:4,9
DA:5,9
DA:7,9
DA:9,9
DA:14,105
DA:15,105
DA:19,9
DA:25,9
DA:41,9
DA:42,9
DA:45,9
DA:58,9
LF:13
LH:13
BRDA:14,0,0,103
BRDA:14,0,1,2
BRDA:15,1,0,105
BRDA:15,1,1,0
BRDA:41,2,0,9
BRDA:41,2,1,0
BRDA:48,3,0,0
BRDA:48,3,1,9
BRF:8
BRH:5
end_of_record
TN:
SF:src/utils/pagination.js
FN:6,parsePaginationParams
FN:13,buildPaginationMeta
FN:26,applyPagination
FN:43,encodeCursor
FN:47,decodeCursor
FN:56,buildNextCursor
FNF:6
FNH:6
FNDA:9,parsePaginationParams
FNDA:8,buildPaginationMeta
FNDA:7,applyPagination
FNDA:6,encodeCursor
FNDA:4,decodeCursor
FNDA:7,buildNextCursor
DA:3,9
DA:4,9
DA:7,9
DA:8,9
DA:9,9
DA:10,9
DA:14,8
DA:15,8
DA:16,8
DA:27,7
DA:29,7
DA:30,1
DA:37,6
DA:44,6
DA:48,4
DA:49,4
DA:50,3
DA:52,1
DA:57,7
DA:58,4
DA:61,9
LF:21
LH:21
BRDA:7,0,0,9
BRDA:7,0,1,7
BRDA:8,1,0,9
BRDA:8,1,1,7
BRDA:9,2,0,0
BRDA:9,2,1,9
BRDA:29,3,0,1
BRDA:29,3,1,6
BRDA:57,4,0,3
BRDA:57,4,1,4
BRF:10
BRH:9
end_of_record
